I2026-06-16 08:21:15.000056[1640.206000ms][2067622|2067622]new populate all review lists Begin
I2026-06-16 08:21:15.000056[1640.262000ms][2067622|2067622]populate review list
I2026-06-16 08:21:15.000056[1640.270000ms][2067622|2067622]new populate review list Begin
I2026-06-16 08:21:15.000056[1640.275000ms][2067622|2067622]reviewObj List Size [0], The Number of Updated Items [0].
I2026-06-16 08:21:15.000056[1640.280000ms][2067622|2067622]populate signature group list view Begin
I2026-06-16 08:21:15.000056[1640.283000ms][2067622|2067622]populate signature group list view End,0.002000ms used.
I2026-06-16 08:21:15.000056[1640.291000ms][2067622|2067622]new populate review list End,0.020000ms used.
I2026-06-16 08:21:15.000056[1640.293000ms][2067622|2067622]new populate review list Begin
I2026-06-16 08:21:15.000056[1640.296000ms][2067622|2067622]reviewObj List Size [0], The Number of Updated Items [0].
I2026-06-16 08:21:15.000056[1640.300000ms][2067622|2067622]populate signature group list view Begin
I2026-06-16 08:21:15.000056[1640.303000ms][2067622|2067622]populate signature group list view End,0.003000ms used.
I2026-06-16 08:21:15.000056[1640.306000ms][2067622|2067622]new populate review list End,0.012000ms used.
I2026-06-16 08:21:15.000056[1640.309000ms][2067622|2067622]populate unmap list
I2026-06-16 08:21:15.000056[1640.311000ms][2067622|2067622]new populate review list Begin
I2026-06-16 08:21:15.000056[1640.316000ms][2067622|2067622]reviewObj List Size [0], The Number of Updated Items [0].
I2026-06-16 08:21:15.000056[1640.319000ms][2067622|2067622]populate signature group list view Begin
I2026-06-16 08:21:15.000056[1640.322000ms][2067622|2067622]populate signature group list view End,0.003000ms used.
I2026-06-16 08:21:15.000056[1640.325000ms][2067622|2067622]new populate review list End,0.014000ms used.
I2026-06-16 08:21:15.000056[1640.328000ms][2067622|2067622]populate exclusions list
I2026-06-16 08:21:15.000056[1640.330000ms][2067622|2067622]new populate review list Begin
I2026-06-16 08:21:15.000056[1640.335000ms][2067622|2067622]reviewObj List Size [0], The Number of Updated Items [0].
I2026-06-16 08:21:15.000056[1640.347000ms][2067622|2067622]populate signature group list view Begin
I2026-06-16 08:21:15.000056[1640.349000ms][2067622|2067622]populate signature group list view End,0.002000ms used.
I2026-06-16 08:21:15.000056[1640.358000ms][2067622|2067622]new populate review list End,0.027000ms used.
I2026-06-16 08:21:15.000056[1640.361000ms][2067622|2067622]populate cg unmap list
I2026-06-16 08:21:15.000056[1640.365000ms][2067622|2067622]new populate review list Begin
I2026-06-16 08:21:15.000056[1640.367000ms][2067622|2067622]reviewObj List Size [0], The Number of Updated Items [0].
I2026-06-16 08:21:15.000056[1640.371000ms][2067622|2067622]populate signature group list view Begin
I2026-06-16 08:21:15.000056[1640.375000ms][2067622|2067622]populate signature group list view End,0.004000ms used.
I2026-06-16 08:21:15.000056[1640.378000ms][2067622|2067622]new populate review list End,0.013000ms used.
I2026-06-16 08:21:15.000057[1640.381000ms][2067622|2067622]populate cg list
I2026-06-16 08:21:15.000057[1640.417000ms][2067622|2067622]new populate all review lists End,0.233000ms used.
I2026-06-16 08:21:15.000077[1661.054000ms][2067622|2067622]new populate all review lists Begin
I2026-06-16 08:21:15.000077[1661.094000ms][2067622|2067622]populate review list
I2026-06-16 08:21:15.000077[1661.098000ms][2067622|2067622]new populate review list Begin
I2026-06-16 08:21:15.000077[1661.110000ms][2067622|2067622]reviewObj List Size [0], The Number of Updated Items [0].
I2026-06-16 08:21:15.000077[1661.114000ms][2067622|2067622]populate signature group list view Begin
I2026-06-16 08:21:15.000077[1661.122000ms][2067622|2067622]populate signature group list view End,0.007000ms used.
I2026-06-16 08:21:15.000077[1661.126000ms][2067622|2067622]new populate review list End,0.027000ms used.
I2026-06-16 08:21:15.000077[1661.133000ms][2067622|2067622]new populate review list Begin
I2026-06-16 08:21:15.000077[1661.136000ms][2067622|2067622]reviewObj List Size [0], The Number of Updated Items [0].
I2026-06-16 08:21:15.000077[1661.140000ms][2067622|2067622]populate signature group list view Begin
I2026-06-16 08:21:15.000077[1661.142000ms][2067622|2067622]populate signature group list view End,0.002000ms used.
I2026-06-16 08:21:15.000077[1661.148000ms][2067622|2067622]new populate review list End,0.013000ms used.
I2026-06-16 08:21:15.000077[1661.150000ms][2067622|2067622]populate unmap list
I2026-06-16 08:21:15.000077[1661.152000ms][2067622|2067622]new populate review list Begin
I2026-06-16 08:21:15.000077[1661.155000ms][2067622|2067622]reviewObj List Size [0], The Number of Updated Items [0].
I2026-06-16 08:21:15.000077[1661.158000ms][2067622|2067622]populate signature group list view Begin
I2026-06-16 08:21:15.000077[1661.162000ms][2067622|2067622]populate signature group list view End,0.003000ms used.
I2026-06-16 08:21:15.000077[1661.164000ms][2067622|2067622]new populate review list End,0.011000ms used.
I2026-06-16 08:21:15.000077[1661.166000ms][2067622|2067622]populate exclusions list
I2026-06-16 08:21:15.000077[1661.169000ms][2067622|2067622]new populate review list Begin
I2026-06-16 08:21:15.000077[1661.185000ms][2067622|2067622]reviewObj List Size [0], The Number of Updated Items [0].
I2026-06-16 08:21:15.000077[1661.189000ms][2067622|2067622]populate signature group list view Begin
I2026-06-16 08:21:15.000077[1661.196000ms][2067622|2067622]populate signature group list view End,0.007000ms used.
I2026-06-16 08:21:15.000077[1661.200000ms][2067622|2067622]new populate review list End,0.031000ms used.
I2026-06-16 08:21:15.000077[1661.202000ms][2067622|2067622]populate cg unmap list
I2026-06-16 08:21:15.000077[1661.204000ms][2067622|2067622]new populate review list Begin
I2026-06-16 08:21:15.000077[1661.208000ms][2067622|2067622]reviewObj List Size [0], The Number of Updated Items [0].
I2026-06-16 08:21:15.000077[1661.213000ms][2067622|2067622]populate signature group list view Begin
I2026-06-16 08:21:15.000077[1661.220000ms][2067622|2067622]populate signature group list view End,0.006000ms used.
I2026-06-16 08:21:15.000077[1661.226000ms][2067622|2067622]new populate review list End,0.021000ms used.
I2026-06-16 08:21:15.000077[1661.228000ms][2067622|2067622]populate cg list
I2026-06-16 08:21:15.000077[1661.248000ms][2067622|2067622]new populate all review lists End,0.200000ms used.
I2026-06-16 08:21:15.000811[2395.104000ms][2067622|2067622]new populate all review lists Begin
I2026-06-16 08:21:15.000811[2395.154000ms][2067622|2067622]populate review list
I2026-06-16 08:21:15.000811[2395.159000ms][2067622|2067622]new populate review list Begin
I2026-06-16 08:21:15.000811[2395.173000ms][2067622|2067622]reviewObj List Size [0], The Number of Updated Items [0].
I2026-06-16 08:21:15.000811[2395.179000ms][2067622|2067622]populate signature group list view Begin
I2026-06-16 08:21:15.000811[2395.187000ms][2067622|2067622]populate signature group list view End,0.007000ms used.
I2026-06-16 08:21:15.000811[2395.191000ms][2067622|2067622]new populate review list End,0.032000ms used.
I2026-06-16 08:21:15.000811[2395.198000ms][2067622|2067622]new populate review list Begin
I2026-06-16 08:21:15.000811[2395.205000ms][2067622|2067622]reviewObj List Size [0], The Number of Updated Items [0].
I2026-06-16 08:21:15.000811[2395.208000ms][2067622|2067622]populate signature group list view Begin
I2026-06-16 08:21:15.000811[2395.211000ms][2067622|2067622]populate signature group list view End,0.003000ms used.
I2026-06-16 08:21:15.000811[2395.213000ms][2067622|2067622]new populate review list End,0.015000ms used.
I2026-06-16 08:21:15.000811[2395.216000ms][2067622|2067622]populate unmap list
I2026-06-16 08:21:15.000811[2395.218000ms][2067622|2067622]new populate review list Begin
I2026-06-16 08:21:15.000811[2395.226000ms][2067622|2067622]reviewObj List Size [0], The Number of Updated Items [0].
I2026-06-16 08:21:15.000811[2395.231000ms][2067622|2067622]populate signature group list view Begin
I2026-06-16 08:21:15.000811[2395.246000ms][2067622|2067622]populate signature group list view End,0.009000ms used.
I2026-06-16 08:21:15.000811[2395.252000ms][2067622|2067622]new populate review list End,0.033000ms used.
I2026-06-16 08:21:15.000811[2395.253000ms][2067622|2067622]populate exclusions list
I2026-06-16 08:21:15.000811[2395.304000ms][2067622|2067622]new populate review list Begin
I2026-06-16 08:21:15.000811[2395.307000ms][2067622|2067622]reviewObj List Size [0], The Number of Updated Items [0].
I2026-06-16 08:21:15.000811[2395.310000ms][2067622|2067622]populate signature group list view Begin
I2026-06-16 08:21:15.000811[2395.313000ms][2067622|2067622]populate signature group list view End,0.003000ms used.
I2026-06-16 08:21:15.000811[2395.317000ms][2067622|2067622]new populate review list End,0.013000ms used.
I2026-06-16 08:21:15.000811[2395.319000ms][2067622|2067622]populate cg unmap list
I2026-06-16 08:21:15.000811[2395.322000ms][2067622|2067622]new populate review list Begin
I2026-06-16 08:21:15.000811[2395.325000ms][2067622|2067622]reviewObj List Size [0], The Number of Updated Items [0].
I2026-06-16 08:21:15.000811[2395.328000ms][2067622|2067622]populate signature group list view Begin
I2026-06-16 08:21:15.000811[2395.330000ms][2067622|2067622]populate signature group list view End,0.001000ms used.
I2026-06-16 08:21:15.000811[2395.333000ms][2067622|2067622]new populate review list End,0.010000ms used.
I2026-06-16 08:21:15.000811[2395.335000ms][2067622|2067622]populate cg list
I2026-06-16 08:21:15.000812[2395.384000ms][2067622|2067622]new populate all review lists End,0.295000ms used.
I2026-06-16 08:21:15.000952[2536.130000ms][2067622|2067622]new populate all review lists Begin
I2026-06-16 08:21:15.000952[2536.191000ms][2067622|2067622]populate review list
I2026-06-16 08:21:15.000952[2536.197000ms][2067622|2067622]new populate review list Begin
I2026-06-16 08:21:15.000952[2536.204000ms][2067622|2067622]reviewObj List Size [0], The Number of Updated Items [0].
I2026-06-16 08:21:15.000952[2536.210000ms][2067622|2067622]populate signature group list view Begin
I2026-06-16 08:21:15.000952[2536.221000ms][2067622|2067622]populate signature group list view End,0.010000ms used.
I2026-06-16 08:21:15.000952[2536.226000ms][2067622|2067622]new populate review list End,0.029000ms used.
I2026-06-16 08:21:15.000952[2536.230000ms][2067622|2067622]new populate review list Begin
I2026-06-16 08:21:15.000952[2536.238000ms][2067622|2067622]reviewObj List Size [0], The Number of Updated Items [0].
I2026-06-16 08:21:15.000952[2536.241000ms][2067622|2067622]populate signature group list view Begin
I2026-06-16 08:21:15.000952[2536.244000ms][2067622|2067622]populate signature group list view End,0.003000ms used.
I2026-06-16 08:21:15.000952[2536.246000ms][2067622|2067622]new populate review list End,0.016000ms used.
I2026-06-16 08:21:15.000952[2536.249000ms][2067622|2067622]populate unmap list
I2026-06-16 08:21:15.000952[2536.253000ms][2067622|2067622]new populate review list Begin
I2026-06-16 08:21:15.000952[2536.255000ms][2067622|2067622]reviewObj List Size [0], The Number of Updated Items [0].
I2026-06-16 08:21:15.000952[2536.258000ms][2067622|2067622]populate signature group list view Begin
I2026-06-16 08:21:15.000952[2536.262000ms][2067622|2067622]populate signature group list view End,0.003000ms used.
I2026-06-16 08:21:15.000952[2536.268000ms][2067622|2067622]new populate review list End,0.014000ms used.
I2026-06-16 08:21:15.000952[2536.270000ms][2067622|2067622]populate exclusions list
I2026-06-16 08:21:15.000952[2536.274000ms][2067622|2067622]new populate review list Begin
I2026-06-16 08:21:15.000952[2536.277000ms][2067622|2067622]reviewObj List Size [0], The Number of Updated Items [0].
I2026-06-16 08:21:15.000952[2536.279000ms][2067622|2067622]populate signature group list view Begin
I2026-06-16 08:21:15.000952[2536.281000ms][2067622|2067622]populate signature group list view End,0.002000ms used.
I2026-06-16 08:21:15.000952[2536.291000ms][2067622|2067622]new populate review list End,0.017000ms used.
I2026-06-16 08:21:15.000952[2536.297000ms][2067622|2067622]populate cg unmap list
I2026-06-16 08:21:15.000952[2536.304000ms][2067622|2067622]new populate review list Begin
I2026-06-16 08:21:15.000952[2536.318000ms][2067622|2067622]reviewObj List Size [0], The Number of Updated Items [0].
I2026-06-16 08:21:15.000952[2536.321000ms][2067622|2067622]populate signature group list view Begin
I2026-06-16 08:21:15.000952[2536.327000ms][2067622|2067622]populate signature group list view End,0.005000ms used.
I2026-06-16 08:21:15.000952[2536.329000ms][2067622|2067622]new populate review list End,0.025000ms used.
I2026-06-16 08:21:15.000952[2536.336000ms][2067622|2067622]populate cg list
I2026-06-16 08:21:15.000952[2536.369000ms][2067622|2067622]new populate all review lists End,0.252000ms used.
I2026-06-16 08:21:20.000167[6750.838000ms][2067622|2067622]covDatabase::openDatabase Begin
I2026-06-16 08:21:20.000167[6750.917000ms][2067622|2067622]covDatabase::openDatabase End,0.091000ms used.
I2026-06-16 08:21:27.000547[14130.755000ms][2067622|2067622]cmdGuiOpenCov::execute Begin
I2026-06-16 08:21:27.000547[14131.171000ms][2067622|2067622]covDatabase::openDatabase Begin
I2026-06-16 08:21:27.000547[14131.291000ms][2067622|2067622]covDatabase::openDatabase End,0.119000ms used.
I2026-06-16 08:21:27.000630[14213.615000ms][2067622|2067622]cmdGuiOpenCov::execute End,82.863000ms used.
I2026-06-16 08:22:47.000089[1701.098000ms][2069826|2069826]new populate all review lists Begin
I2026-06-16 08:22:47.000090[1701.152000ms][2069826|2069826]populate review list
I2026-06-16 08:22:47.000090[1701.155000ms][2069826|2069826]new populate review list Begin
I2026-06-16 08:22:47.000090[1701.214000ms][2069826|2069826]reviewObj List Size [0], The Number of Updated Items [0].
I2026-06-16 08:22:47.000090[1701.222000ms][2069826|2069826]populate signature group list view Begin
I2026-06-16 08:22:47.000090[1701.251000ms][2069826|2069826]populate signature group list view End,0.025000ms used.
I2026-06-16 08:22:47.000090[1701.258000ms][2069826|2069826]new populate review list End,0.101000ms used.
I2026-06-16 08:22:47.000090[1701.261000ms][2069826|2069826]new populate review list Begin
I2026-06-16 08:22:47.000090[1701.267000ms][2069826|2069826]reviewObj List Size [0], The Number of Updated Items [0].
I2026-06-16 08:22:47.000090[1701.271000ms][2069826|2069826]populate signature group list view Begin
I2026-06-16 08:22:47.000090[1701.277000ms][2069826|2069826]populate signature group list view End,0.006000ms used.
I2026-06-16 08:22:47.000090[1701.289000ms][2069826|2069826]new populate review list End,0.028000ms used.
I2026-06-16 08:22:47.000090[1701.301000ms][2069826|2069826]populate unmap list
I2026-06-16 08:22:47.000090[1701.315000ms][2069826|2069826]new populate review list Begin
I2026-06-16 08:22:47.000090[1701.332000ms][2069826|2069826]reviewObj List Size [0], The Number of Updated Items [0].
I2026-06-16 08:22:47.000090[1701.339000ms][2069826|2069826]populate signature group list view Begin
I2026-06-16 08:22:47.000090[1701.363000ms][2069826|2069826]populate signature group list view End,0.023000ms used.
I2026-06-16 08:22:47.000090[1701.367000ms][2069826|2069826]new populate review list End,0.052000ms used.
I2026-06-16 08:22:47.000090[1701.372000ms][2069826|2069826]populate exclusions list
I2026-06-16 08:22:47.000090[1701.374000ms][2069826|2069826]new populate review list Begin
I2026-06-16 08:22:47.000090[1701.380000ms][2069826|2069826]reviewObj List Size [0], The Number of Updated Items [0].
I2026-06-16 08:22:47.000090[1701.390000ms][2069826|2069826]populate signature group list view Begin
I2026-06-16 08:22:47.000090[1701.409000ms][2069826|2069826]populate signature group list view End,0.019000ms used.
I2026-06-16 08:22:47.000090[1701.412000ms][2069826|2069826]new populate review list End,0.037000ms used.
I2026-06-16 08:22:47.000090[1701.424000ms][2069826|2069826]populate cg unmap list
I2026-06-16 08:22:47.000090[1701.439000ms][2069826|2069826]new populate review list Begin
I2026-06-16 08:22:47.000090[1701.450000ms][2069826|2069826]reviewObj List Size [0], The Number of Updated Items [0].
I2026-06-16 08:22:47.000090[1701.455000ms][2069826|2069826]populate signature group list view Begin
I2026-06-16 08:22:47.000090[1701.457000ms][2069826|2069826]populate signature group list view End,0.002000ms used.
I2026-06-16 08:22:47.000090[1701.463000ms][2069826|2069826]new populate review list End,0.024000ms used.
I2026-06-16 08:22:47.000090[1701.470000ms][2069826|2069826]populate cg list
I2026-06-16 08:22:47.000090[1701.510000ms][2069826|2069826]new populate all review lists End,0.443000ms used.
I2026-06-16 08:22:47.000111[1722.934000ms][2069826|2069826]new populate all review lists Begin
I2026-06-16 08:22:47.000111[1722.974000ms][2069826|2069826]populate review list
I2026-06-16 08:22:47.000111[1722.997000ms][2069826|2069826]new populate review list Begin
I2026-06-16 08:22:47.000111[1723.009000ms][2069826|2069826]reviewObj List Size [0], The Number of Updated Items [0].
I2026-06-16 08:22:47.000111[1723.020000ms][2069826|2069826]populate signature group list view Begin
I2026-06-16 08:22:47.000111[1723.025000ms][2069826|2069826]populate signature group list view End,0.003000ms used.
I2026-06-16 08:22:47.000111[1723.044000ms][2069826|2069826]new populate review list End,0.047000ms used.
I2026-06-16 08:22:47.000111[1723.051000ms][2069826|2069826]new populate review list Begin
I2026-06-16 08:22:47.000111[1723.062000ms][2069826|2069826]reviewObj List Size [0], The Number of Updated Items [0].
I2026-06-16 08:22:47.000111[1723.070000ms][2069826|2069826]populate signature group list view Begin
I2026-06-16 08:22:47.000111[1723.081000ms][2069826|2069826]populate signature group list view End,0.011000ms used.
I2026-06-16 08:22:47.000111[1723.085000ms][2069826|2069826]new populate review list End,0.033000ms used.
I2026-06-16 08:22:47.000111[1723.095000ms][2069826|2069826]populate unmap list
I2026-06-16 08:22:47.000111[1723.097000ms][2069826|2069826]new populate review list Begin
I2026-06-16 08:22:47.000111[1723.120000ms][2069826|2069826]reviewObj List Size [0], The Number of Updated Items [0].
I2026-06-16 08:22:47.000111[1723.129000ms][2069826|2069826]populate signature group list view Begin
I2026-06-16 08:22:47.000112[1723.134000ms][2069826|2069826]populate signature group list view End,0.010000ms used.
I2026-06-16 08:22:47.000112[1723.140000ms][2069826|2069826]new populate review list End,0.042000ms used.
I2026-06-16 08:22:47.000112[1723.152000ms][2069826|2069826]populate exclusions list
I2026-06-16 08:22:47.000112[1723.156000ms][2069826|2069826]new populate review list Begin
I2026-06-16 08:22:47.000112[1723.168000ms][2069826|2069826]reviewObj List Size [0], The Number of Updated Items [0].
I2026-06-16 08:22:47.000112[1723.170000ms][2069826|2069826]populate signature group list view Begin
I2026-06-16 08:22:47.000112[1723.188000ms][2069826|2069826]populate signature group list view End,0.018000ms used.
I2026-06-16 08:22:47.000112[1723.192000ms][2069826|2069826]new populate review list End,0.036000ms used.
I2026-06-16 08:22:47.000112[1723.198000ms][2069826|2069826]populate cg unmap list
I2026-06-16 08:22:47.000112[1723.209000ms][2069826|2069826]new populate review list Begin
I2026-06-16 08:22:47.000112[1723.213000ms][2069826|2069826]reviewObj List Size [0], The Number of Updated Items [0].
I2026-06-16 08:22:47.000112[1723.223000ms][2069826|2069826]populate signature group list view Begin
I2026-06-16 08:22:47.000112[1723.229000ms][2069826|2069826]populate signature group list view End,0.006000ms used.
I2026-06-16 08:22:47.000112[1723.232000ms][2069826|2069826]new populate review list End,0.023000ms used.
I2026-06-16 08:22:47.000112[1723.243000ms][2069826|2069826]populate cg list
I2026-06-16 08:22:47.000112[1723.270000ms][2069826|2069826]new populate all review lists End,0.341000ms used.
I2026-06-16 08:22:47.000858[2469.746000ms][2069826|2069826]new populate all review lists Begin
I2026-06-16 08:22:47.000858[2469.795000ms][2069826|2069826]populate review list
I2026-06-16 08:22:47.000858[2469.801000ms][2069826|2069826]new populate review list Begin
I2026-06-16 08:22:47.000858[2469.805000ms][2069826|2069826]reviewObj List Size [0], The Number of Updated Items [0].
I2026-06-16 08:22:47.000858[2469.820000ms][2069826|2069826]populate signature group list view Begin
I2026-06-16 08:22:47.000858[2469.826000ms][2069826|2069826]populate signature group list view End,0.014000ms used.
I2026-06-16 08:22:47.000858[2469.829000ms][2069826|2069826]new populate review list End,0.028000ms used.
I2026-06-16 08:22:47.000858[2469.842000ms][2069826|2069826]new populate review list Begin
I2026-06-16 08:22:47.000858[2469.861000ms][2069826|2069826]reviewObj List Size [0], The Number of Updated Items [0].
I2026-06-16 08:22:47.000858[2469.881000ms][2069826|2069826]populate signature group list view Begin
I2026-06-16 08:22:47.000858[2469.886000ms][2069826|2069826]populate signature group list view End,0.022000ms used.
I2026-06-16 08:22:47.000858[2469.889000ms][2069826|2069826]new populate review list End,0.047000ms used.
I2026-06-16 08:22:47.000858[2469.892000ms][2069826|2069826]populate unmap list
I2026-06-16 08:22:47.000858[2469.897000ms][2069826|2069826]new populate review list Begin
I2026-06-16 08:22:47.000858[2469.901000ms][2069826|2069826]reviewObj List Size [0], The Number of Updated Items [0].
I2026-06-16 08:22:47.000858[2469.907000ms][2069826|2069826]populate signature group list view Begin
I2026-06-16 08:22:47.000858[2469.923000ms][2069826|2069826]populate signature group list view End,0.018000ms used.
I2026-06-16 08:22:47.000858[2469.941000ms][2069826|2069826]new populate review list End,0.044000ms used.
I2026-06-16 08:22:47.000858[2469.951000ms][2069826|2069826]populate exclusions list
I2026-06-16 08:22:47.000858[2470.012000ms][2069826|2069826]new populate review list Begin
I2026-06-16 08:22:47.000858[2470.016000ms][2069826|2069826]reviewObj List Size [0], The Number of Updated Items [0].
I2026-06-16 08:22:47.000858[2470.027000ms][2069826|2069826]populate signature group list view Begin
I2026-06-16 08:22:47.000858[2470.032000ms][2069826|2069826]populate signature group list view End,0.005000ms used.
I2026-06-16 08:22:47.000858[2470.038000ms][2069826|2069826]new populate review list End,0.026000ms used.
I2026-06-16 08:22:47.000858[2470.039000ms][2069826|2069826]populate cg unmap list
I2026-06-16 08:22:47.000858[2470.043000ms][2069826|2069826]new populate review list Begin
I2026-06-16 08:22:47.000858[2470.050000ms][2069826|2069826]reviewObj List Size [0], The Number of Updated Items [0].
I2026-06-16 08:22:47.000858[2470.052000ms][2069826|2069826]populate signature group list view Begin
I2026-06-16 08:22:47.000858[2470.067000ms][2069826|2069826]populate signature group list view End,0.012000ms used.
I2026-06-16 08:22:47.000858[2470.077000ms][2069826|2069826]new populate review list End,0.033000ms used.
I2026-06-16 08:22:47.000858[2470.079000ms][2069826|2069826]populate cg list
I2026-06-16 08:22:47.000859[2470.131000ms][2069826|2069826]new populate all review lists End,0.396000ms used.
I2026-06-16 08:22:47.000997[2608.892000ms][2069826|2069826]new populate all review lists Begin
I2026-06-16 08:22:47.000997[2608.945000ms][2069826|2069826]populate review list
I2026-06-16 08:22:47.000997[2608.951000ms][2069826|2069826]new populate review list Begin
I2026-06-16 08:22:47.000997[2608.964000ms][2069826|2069826]reviewObj List Size [0], The Number of Updated Items [0].
I2026-06-16 08:22:47.000997[2608.971000ms][2069826|2069826]populate signature group list view Begin
I2026-06-16 08:22:47.000997[2608.977000ms][2069826|2069826]populate signature group list view End,0.005000ms used.
I2026-06-16 08:22:47.000997[2608.988000ms][2069826|2069826]new populate review list End,0.037000ms used.
I2026-06-16 08:22:47.000997[2608.991000ms][2069826|2069826]new populate review list Begin
I2026-06-16 08:22:47.000997[2609.004000ms][2069826|2069826]reviewObj List Size [0], The Number of Updated Items [0].
I2026-06-16 08:22:47.000997[2609.010000ms][2069826|2069826]populate signature group list view Begin
I2026-06-16 08:22:47.000997[2609.029000ms][2069826|2069826]populate signature group list view End,0.022000ms used.
I2026-06-16 08:22:47.000997[2609.033000ms][2069826|2069826]new populate review list End,0.041000ms used.
I2026-06-16 08:22:47.000997[2609.035000ms][2069826|2069826]populate unmap list
I2026-06-16 08:22:47.000997[2609.039000ms][2069826|2069826]new populate review list Begin
I2026-06-16 08:22:47.000997[2609.055000ms][2069826|2069826]reviewObj List Size [0], The Number of Updated Items [0].
I2026-06-16 08:22:47.000997[2609.060000ms][2069826|2069826]populate signature group list view Begin
I2026-06-16 08:22:47.000997[2609.076000ms][2069826|2069826]populate signature group list view End,0.017000ms used.
I2026-06-16 08:22:47.000997[2609.080000ms][2069826|2069826]new populate review list End,0.041000ms used.
I2026-06-16 08:22:47.000997[2609.095000ms][2069826|2069826]populate exclusions list
I2026-06-16 08:22:47.000997[2609.103000ms][2069826|2069826]new populate review list Begin
I2026-06-16 08:22:47.000997[2609.108000ms][2069826|2069826]reviewObj List Size [0], The Number of Updated Items [0].
I2026-06-16 08:22:47.000997[2609.112000ms][2069826|2069826]populate signature group list view Begin
I2026-06-16 08:22:47.000997[2609.116000ms][2069826|2069826]populate signature group list view End,0.005000ms used.
I2026-06-16 08:22:47.000997[2609.127000ms][2069826|2069826]new populate review list End,0.029000ms used.
I2026-06-16 08:22:47.000998[2609.130000ms][2069826|2069826]populate cg unmap list
I2026-06-16 08:22:47.000998[2609.134000ms][2069826|2069826]new populate review list Begin
I2026-06-16 08:22:47.000998[2609.145000ms][2069826|2069826]reviewObj List Size [0], The Number of Updated Items [0].
I2026-06-16 08:22:47.000998[2609.157000ms][2069826|2069826]populate signature group list view Begin
I2026-06-16 08:22:47.000998[2609.160000ms][2069826|2069826]populate signature group list view End,0.003000ms used.
I2026-06-16 08:22:47.000998[2609.183000ms][2069826|2069826]new populate review list End,0.043000ms used.
I2026-06-16 08:22:47.000998[2609.188000ms][2069826|2069826]populate cg list
I2026-06-16 08:22:47.000998[2609.230000ms][2069826|2069826]new populate all review lists End,0.347000ms used.
I2026-06-16 08:22:48.000208[2819.598000ms][2069826|2069826]new populate all review lists Begin
I2026-06-16 08:22:48.000208[2819.648000ms][2069826|2069826]populate review list
I2026-06-16 08:22:48.000208[2819.654000ms][2069826|2069826]new populate review list Begin
I2026-06-16 08:22:48.000208[2819.659000ms][2069826|2069826]reviewObj List Size [0], The Number of Updated Items [0].
I2026-06-16 08:22:48.000208[2819.675000ms][2069826|2069826]populate signature group list view Begin
I2026-06-16 08:22:48.000208[2819.680000ms][2069826|2069826]populate signature group list view End,0.004000ms used.
I2026-06-16 08:22:48.000208[2819.693000ms][2069826|2069826]new populate review list End,0.038000ms used.
I2026-06-16 08:22:48.000208[2819.698000ms][2069826|2069826]new populate review list Begin
I2026-06-16 08:22:48.000208[2819.714000ms][2069826|2069826]reviewObj List Size [0], The Number of Updated Items [0].
I2026-06-16 08:22:48.000208[2819.721000ms][2069826|2069826]populate signature group list view Begin
I2026-06-16 08:22:48.000208[2819.737000ms][2069826|2069826]populate signature group list view End,0.020000ms used.
I2026-06-16 08:22:48.000208[2819.741000ms][2069826|2069826]new populate review list End,0.042000ms used.
I2026-06-16 08:22:48.000208[2819.746000ms][2069826|2069826]populate unmap list
I2026-06-16 08:22:48.000208[2819.761000ms][2069826|2069826]new populate review list Begin
I2026-06-16 08:22:48.000208[2819.767000ms][2069826|2069826]reviewObj List Size [0], The Number of Updated Items [0].
I2026-06-16 08:22:48.000208[2819.784000ms][2069826|2069826]populate signature group list view Begin
I2026-06-16 08:22:48.000208[2819.801000ms][2069826|2069826]populate signature group list view End,0.021000ms used.
I2026-06-16 08:22:48.000208[2819.817000ms][2069826|2069826]new populate review list End,0.052000ms used.
I2026-06-16 08:22:48.000208[2819.822000ms][2069826|2069826]populate exclusions list
I2026-06-16 08:22:48.000208[2819.834000ms][2069826|2069826]new populate review list Begin
I2026-06-16 08:22:48.000208[2819.840000ms][2069826|2069826]reviewObj List Size [0], The Number of Updated Items [0].
I2026-06-16 08:22:48.000208[2819.852000ms][2069826|2069826]populate signature group list view Begin
I2026-06-16 08:22:48.000208[2819.858000ms][2069826|2069826]populate signature group list view End,0.006000ms used.
I2026-06-16 08:22:48.000208[2819.870000ms][2069826|2069826]new populate review list End,0.035000ms used.
I2026-06-16 08:22:48.000208[2819.874000ms][2069826|2069826]populate cg unmap list
I2026-06-16 08:22:48.000208[2819.882000ms][2069826|2069826]new populate review list Begin
I2026-06-16 08:22:48.000208[2819.892000ms][2069826|2069826]reviewObj List Size [0], The Number of Updated Items [0].
I2026-06-16 08:22:48.000208[2819.896000ms][2069826|2069826]populate signature group list view Begin
I2026-06-16 08:22:48.000208[2819.900000ms][2069826|2069826]populate signature group list view End,0.006000ms used.
I2026-06-16 08:22:48.000208[2819.906000ms][2069826|2069826]new populate review list End,0.027000ms used.
I2026-06-16 08:22:48.000208[2819.910000ms][2069826|2069826]populate cg list
I2026-06-16 08:22:48.000208[2819.939000ms][2069826|2069826]new populate all review lists End,0.350000ms used.
I2026-06-16 08:22:48.000551[3162.805000ms][2069826|2069826]covDatabase::openDatabase Begin
I2026-06-16 08:22:48.000551[3162.917000ms][2069826|2069826]covDatabase::openDatabase End,0.122000ms used.
I2026-06-16 08:22:48.000551[3163.127000ms][2069826|2069826]cmdGuiOpenCov::execute Begin
I2026-06-16 08:22:48.000566[3177.560000ms][2069826|2069826]covDatabase::openDatabase Begin
I2026-06-16 08:22:48.000566[3177.715000ms][2069826|2069826]covDatabase::openDatabase End,0.159000ms used.
I2026-06-16 08:22:48.000725[3336.749000ms][2069826|2069826]cmdGuiOpenCov::execute End,173.606000ms used.
I2026-06-16 08:51:34.000509[1624.986000ms][2106766|2106766]new populate all review lists Begin
I2026-06-16 08:51:34.000509[1625.036000ms][2106766|2106766]populate review list
I2026-06-16 08:51:34.000509[1625.040000ms][2106766|2106766]new populate review list Begin
I2026-06-16 08:51:34.000509[1625.044000ms][2106766|2106766]reviewObj List Size [0], The Number of Updated Items [0].
I2026-06-16 08:51:34.000509[1625.047000ms][2106766|2106766]populate signature group list view Begin
I2026-06-16 08:51:34.000509[1625.052000ms][2106766|2106766]populate signature group list view End,0.003000ms used.
I2026-06-16 08:51:34.000509[1625.056000ms][2106766|2106766]new populate review list End,0.015000ms used.
I2026-06-16 08:51:34.000509[1625.058000ms][2106766|2106766]new populate review list Begin
I2026-06-16 08:51:34.000509[1625.060000ms][2106766|2106766]reviewObj List Size [0], The Number of Updated Items [0].
I2026-06-16 08:51:34.000509[1625.062000ms][2106766|2106766]populate signature group list view Begin
I2026-06-16 08:51:34.000509[1625.064000ms][2106766|2106766]populate signature group list view End,0.001000ms used.
I2026-06-16 08:51:34.000509[1625.066000ms][2106766|2106766]new populate review list End,0.007000ms used.
I2026-06-16 08:51:34.000509[1625.067000ms][2106766|2106766]populate unmap list
I2026-06-16 08:51:34.000509[1625.069000ms][2106766|2106766]new populate review list Begin
I2026-06-16 08:51:34.000509[1625.072000ms][2106766|2106766]reviewObj List Size [0], The Number of Updated Items [0].
I2026-06-16 08:51:34.000509[1625.075000ms][2106766|2106766]populate signature group list view Begin
I2026-06-16 08:51:34.000509[1625.077000ms][2106766|2106766]populate signature group list view End,0.002000ms used.
I2026-06-16 08:51:34.000509[1625.079000ms][2106766|2106766]new populate review list End,0.009000ms used.
I2026-06-16 08:51:34.000509[1625.080000ms][2106766|2106766]populate exclusions list
I2026-06-16 08:51:34.000509[1625.082000ms][2106766|2106766]new populate review list Begin
I2026-06-16 08:51:34.000509[1625.084000ms][2106766|2106766]reviewObj List Size [0], The Number of Updated Items [0].
I2026-06-16 08:51:34.000509[1625.087000ms][2106766|2106766]populate signature group list view Begin
I2026-06-16 08:51:34.000509[1625.089000ms][2106766|2106766]populate signature group list view End,0.001000ms used.
I2026-06-16 08:51:34.000509[1625.091000ms][2106766|2106766]new populate review list End,0.008000ms used.
I2026-06-16 08:51:34.000509[1625.092000ms][2106766|2106766]populate cg unmap list
I2026-06-16 08:51:34.000509[1625.094000ms][2106766|2106766]new populate review list Begin
I2026-06-16 08:51:34.000509[1625.097000ms][2106766|2106766]reviewObj List Size [0], The Number of Updated Items [0].
I2026-06-16 08:51:34.000509[1625.098000ms][2106766|2106766]populate signature group list view Begin
I2026-06-16 08:51:34.000509[1625.100000ms][2106766|2106766]populate signature group list view End,0.001000ms used.
I2026-06-16 08:51:34.000509[1625.102000ms][2106766|2106766]new populate review list End,0.007000ms used.
I2026-06-16 08:51:34.000509[1625.103000ms][2106766|2106766]populate cg list
I2026-06-16 08:51:34.000509[1625.122000ms][2106766|2106766]new populate all review lists End,0.160000ms used.
I2026-06-16 08:51:34.000529[1645.256000ms][2106766|2106766]new populate all review lists Begin
I2026-06-16 08:51:34.000529[1645.294000ms][2106766|2106766]populate review list
I2026-06-16 08:51:34.000529[1645.298000ms][2106766|2106766]new populate review list Begin
I2026-06-16 08:51:34.000529[1645.318000ms][2106766|2106766]reviewObj List Size [0], The Number of Updated Items [0].
I2026-06-16 08:51:34.000529[1645.322000ms][2106766|2106766]populate signature group list view Begin
I2026-06-16 08:51:34.000529[1645.329000ms][2106766|2106766]populate signature group list view End,0.006000ms used.
I2026-06-16 08:51:34.000529[1645.333000ms][2106766|2106766]new populate review list End,0.035000ms used.
I2026-06-16 08:51:34.000529[1645.337000ms][2106766|2106766]new populate review list Begin
I2026-06-16 08:51:34.000529[1645.340000ms][2106766|2106766]reviewObj List Size [0], The Number of Updated Items [0].
I2026-06-16 08:51:34.000529[1645.344000ms][2106766|2106766]populate signature group list view Begin
I2026-06-16 08:51:34.000529[1645.346000ms][2106766|2106766]populate signature group list view End,0.002000ms used.
I2026-06-16 08:51:34.000529[1645.350000ms][2106766|2106766]new populate review list End,0.012000ms used.
I2026-06-16 08:51:34.000529[1645.352000ms][2106766|2106766]populate unmap list
I2026-06-16 08:51:34.000529[1645.354000ms][2106766|2106766]new populate review list Begin
I2026-06-16 08:51:34.000529[1645.361000ms][2106766|2106766]reviewObj List Size [0], The Number of Updated Items [0].
I2026-06-16 08:51:34.000529[1645.364000ms][2106766|2106766]populate signature group list view Begin
I2026-06-16 08:51:34.000529[1645.368000ms][2106766|2106766]populate signature group list view End,0.003000ms used.
I2026-06-16 08:51:34.000529[1645.377000ms][2106766|2106766]new populate review list End,0.022000ms used.
I2026-06-16 08:51:34.000529[1645.379000ms][2106766|2106766]populate exclusions list
I2026-06-16 08:51:34.000529[1645.383000ms][2106766|2106766]new populate review list Begin
I2026-06-16 08:51:34.000529[1645.386000ms][2106766|2106766]reviewObj List Size [0], The Number of Updated Items [0].
I2026-06-16 08:51:34.000529[1645.390000ms][2106766|2106766]populate signature group list view Begin
I2026-06-16 08:51:34.000529[1645.392000ms][2106766|2106766]populate signature group list view End,0.003000ms used.
I2026-06-16 08:51:34.000529[1645.403000ms][2106766|2106766]new populate review list End,0.020000ms used.
I2026-06-16 08:51:34.000529[1645.410000ms][2106766|2106766]populate cg unmap list
I2026-06-16 08:51:34.000529[1645.416000ms][2106766|2106766]new populate review list Begin
I2026-06-16 08:51:34.000529[1645.429000ms][2106766|2106766]reviewObj List Size [0], The Number of Updated Items [0].
I2026-06-16 08:51:34.000529[1645.433000ms][2106766|2106766]populate signature group list view Begin
I2026-06-16 08:51:34.000529[1645.439000ms][2106766|2106766]populate signature group list view End,0.006000ms used.
I2026-06-16 08:51:34.000529[1645.446000ms][2106766|2106766]new populate review list End,0.029000ms used.
I2026-06-16 08:51:34.000529[1645.449000ms][2106766|2106766]populate cg list
I2026-06-16 08:51:34.000529[1645.470000ms][2106766|2106766]new populate all review lists End,0.220000ms used.
I2026-06-16 08:51:35.000247[2363.006000ms][2106766|2106766]new populate all review lists Begin
I2026-06-16 08:51:35.000247[2363.054000ms][2106766|2106766]populate review list
I2026-06-16 08:51:35.000247[2363.059000ms][2106766|2106766]new populate review list Begin
I2026-06-16 08:51:35.000247[2363.064000ms][2106766|2106766]reviewObj List Size [0], The Number of Updated Items [0].
I2026-06-16 08:51:35.000247[2363.069000ms][2106766|2106766]populate signature group list view Begin
I2026-06-16 08:51:35.000247[2363.073000ms][2106766|2106766]populate signature group list view End,0.003000ms used.
I2026-06-16 08:51:35.000247[2363.076000ms][2106766|2106766]new populate review list End,0.017000ms used.
I2026-06-16 08:51:35.000247[2363.080000ms][2106766|2106766]new populate review list Begin
I2026-06-16 08:51:35.000247[2363.084000ms][2106766|2106766]reviewObj List Size [0], The Number of Updated Items [0].
I2026-06-16 08:51:35.000247[2363.087000ms][2106766|2106766]populate signature group list view Begin
I2026-06-16 08:51:35.000247[2363.089000ms][2106766|2106766]populate signature group list view End,0.003000ms used.
I2026-06-16 08:51:35.000247[2363.100000ms][2106766|2106766]new populate review list End,0.020000ms used.
I2026-06-16 08:51:35.000247[2363.102000ms][2106766|2106766]populate unmap list
I2026-06-16 08:51:35.000247[2363.105000ms][2106766|2106766]new populate review list Begin
I2026-06-16 08:51:35.000247[2363.107000ms][2106766|2106766]reviewObj List Size [0], The Number of Updated Items [0].
I2026-06-16 08:51:35.000247[2363.110000ms][2106766|2106766]populate signature group list view Begin
I2026-06-16 08:51:35.000247[2363.113000ms][2106766|2106766]populate signature group list view End,0.003000ms used.
I2026-06-16 08:51:35.000247[2363.118000ms][2106766|2106766]new populate review list End,0.013000ms used.
I2026-06-16 08:51:35.000247[2363.172000ms][2106766|2106766]populate exclusions list
I2026-06-16 08:51:35.000247[2363.175000ms][2106766|2106766]new populate review list Begin
I2026-06-16 08:51:35.000247[2363.179000ms][2106766|2106766]reviewObj List Size [0], The Number of Updated Items [0].
I2026-06-16 08:51:35.000247[2363.181000ms][2106766|2106766]populate signature group list view Begin
I2026-06-16 08:51:35.000247[2363.184000ms][2106766|2106766]populate signature group list view End,0.002000ms used.
I2026-06-16 08:51:35.000247[2363.187000ms][2106766|2106766]new populate review list End,0.012000ms used.
I2026-06-16 08:51:35.000247[2363.189000ms][2106766|2106766]populate cg unmap list
I2026-06-16 08:51:35.000247[2363.193000ms][2106766|2106766]new populate review list Begin
I2026-06-16 08:51:35.000247[2363.196000ms][2106766|2106766]reviewObj List Size [0], The Number of Updated Items [0].
I2026-06-16 08:51:35.000247[2363.198000ms][2106766|2106766]populate signature group list view Begin
I2026-06-16 08:51:35.000247[2363.201000ms][2106766|2106766]populate signature group list view End,0.003000ms used.
I2026-06-16 08:51:35.000247[2363.203000ms][2106766|2106766]new populate review list End,0.010000ms used.
I2026-06-16 08:51:35.000247[2363.208000ms][2106766|2106766]populate cg list
I2026-06-16 08:51:35.000247[2363.236000ms][2106766|2106766]new populate all review lists End,0.245000ms used.
I2026-06-16 08:51:35.000389[2505.003000ms][2106766|2106766]new populate all review lists Begin
I2026-06-16 08:51:35.000389[2505.063000ms][2106766|2106766]populate review list
I2026-06-16 08:51:35.000389[2505.067000ms][2106766|2106766]new populate review list Begin
I2026-06-16 08:51:35.000389[2505.082000ms][2106766|2106766]reviewObj List Size [0], The Number of Updated Items [0].
I2026-06-16 08:51:35.000389[2505.087000ms][2106766|2106766]populate signature group list view Begin
I2026-06-16 08:51:35.000389[2505.095000ms][2106766|2106766]populate signature group list view End,0.006000ms used.
I2026-06-16 08:51:35.000389[2505.101000ms][2106766|2106766]new populate review list End,0.033000ms used.
I2026-06-16 08:51:35.000389[2505.104000ms][2106766|2106766]new populate review list Begin
I2026-06-16 08:51:35.000389[2505.108000ms][2106766|2106766]reviewObj List Size [0], The Number of Updated Items [0].
I2026-06-16 08:51:35.000389[2505.115000ms][2106766|2106766]populate signature group list view Begin
I2026-06-16 08:51:35.000389[2505.118000ms][2106766|2106766]populate signature group list view End,0.002000ms used.
I2026-06-16 08:51:35.000389[2505.120000ms][2106766|2106766]new populate review list End,0.016000ms used.
I2026-06-16 08:51:35.000389[2505.127000ms][2106766|2106766]populate unmap list
I2026-06-16 08:51:35.000389[2505.131000ms][2106766|2106766]new populate review list Begin
I2026-06-16 08:51:35.000389[2505.146000ms][2106766|2106766]reviewObj List Size [0], The Number of Updated Items [0].
I2026-06-16 08:51:35.000389[2505.150000ms][2106766|2106766]populate signature group list view Begin
I2026-06-16 08:51:35.000389[2505.153000ms][2106766|2106766]populate signature group list view End,0.003000ms used.
I2026-06-16 08:51:35.000389[2505.160000ms][2106766|2106766]new populate review list End,0.028000ms used.
I2026-06-16 08:51:35.000389[2505.163000ms][2106766|2106766]populate exclusions list
I2026-06-16 08:51:35.000389[2505.170000ms][2106766|2106766]new populate review list Begin
I2026-06-16 08:51:35.000389[2505.188000ms][2106766|2106766]reviewObj List Size [0], The Number of Updated Items [0].
I2026-06-16 08:51:35.000389[2505.192000ms][2106766|2106766]populate signature group list view Begin
I2026-06-16 08:51:35.000389[2505.198000ms][2106766|2106766]populate signature group list view End,0.006000ms used.
I2026-06-16 08:51:35.000389[2505.202000ms][2106766|2106766]new populate review list End,0.032000ms used.
I2026-06-16 08:51:35.000389[2505.204000ms][2106766|2106766]populate cg unmap list
I2026-06-16 08:51:35.000389[2505.209000ms][2106766|2106766]new populate review list Begin
I2026-06-16 08:51:35.000389[2505.214000ms][2106766|2106766]reviewObj List Size [0], The Number of Updated Items [0].
I2026-06-16 08:51:35.000389[2505.217000ms][2106766|2106766]populate signature group list view Begin
I2026-06-16 08:51:35.000389[2505.225000ms][2106766|2106766]populate signature group list view End,0.008000ms used.
I2026-06-16 08:51:35.000389[2505.232000ms][2106766|2106766]new populate review list End,0.023000ms used.
I2026-06-16 08:51:35.000389[2505.234000ms][2106766|2106766]populate cg list
I2026-06-16 08:51:35.000389[2505.268000ms][2106766|2106766]new populate all review lists End,0.281000ms used.
I2026-06-16 08:51:35.000600[2716.488000ms][2106766|2106766]new populate all review lists Begin
I2026-06-16 08:51:35.000600[2716.537000ms][2106766|2106766]populate review list
I2026-06-16 08:51:35.000600[2716.541000ms][2106766|2106766]new populate review list Begin
I2026-06-16 08:51:35.000600[2716.555000ms][2106766|2106766]reviewObj List Size [0], The Number of Updated Items [0].
I2026-06-16 08:51:35.000600[2716.560000ms][2106766|2106766]populate signature group list view Begin
I2026-06-16 08:51:35.000600[2716.565000ms][2106766|2106766]populate signature group list view End,0.003000ms used.
I2026-06-16 08:51:35.000600[2716.574000ms][2106766|2106766]new populate review list End,0.032000ms used.
I2026-06-16 08:51:35.000600[2716.583000ms][2106766|2106766]new populate review list Begin
I2026-06-16 08:51:35.000600[2716.591000ms][2106766|2106766]reviewObj List Size [0], The Number of Updated Items [0].
I2026-06-16 08:51:35.000600[2716.595000ms][2106766|2106766]populate signature group list view Begin
I2026-06-16 08:51:35.000600[2716.598000ms][2106766|2106766]populate signature group list view End,0.004000ms used.
I2026-06-16 08:51:35.000600[2716.604000ms][2106766|2106766]new populate review list End,0.021000ms used.
I2026-06-16 08:51:35.000600[2716.607000ms][2106766|2106766]populate unmap list
I2026-06-16 08:51:35.000600[2716.610000ms][2106766|2106766]new populate review list Begin
I2026-06-16 08:51:35.000600[2716.616000ms][2106766|2106766]reviewObj List Size [0], The Number of Updated Items [0].
I2026-06-16 08:51:35.000600[2716.622000ms][2106766|2106766]populate signature group list view Begin
I2026-06-16 08:51:35.000600[2716.626000ms][2106766|2106766]populate signature group list view End,0.003000ms used.
I2026-06-16 08:51:35.000600[2716.632000ms][2106766|2106766]new populate review list End,0.022000ms used.
I2026-06-16 08:51:35.000600[2716.635000ms][2106766|2106766]populate exclusions list
I2026-06-16 08:51:35.000600[2716.637000ms][2106766|2106766]new populate review list Begin
I2026-06-16 08:51:35.000600[2716.644000ms][2106766|2106766]reviewObj List Size [0], The Number of Updated Items [0].
I2026-06-16 08:51:35.000600[2716.647000ms][2106766|2106766]populate signature group list view Begin
I2026-06-16 08:51:35.000600[2716.650000ms][2106766|2106766]populate signature group list view End,0.003000ms used.
I2026-06-16 08:51:35.000600[2716.652000ms][2106766|2106766]new populate review list End,0.014000ms used.
I2026-06-16 08:51:35.000600[2716.655000ms][2106766|2106766]populate cg unmap list
I2026-06-16 08:51:35.000600[2716.662000ms][2106766|2106766]new populate review list Begin
I2026-06-16 08:51:35.000600[2716.669000ms][2106766|2106766]reviewObj List Size [0], The Number of Updated Items [0].
I2026-06-16 08:51:35.000600[2716.671000ms][2106766|2106766]populate signature group list view Begin
I2026-06-16 08:51:35.000600[2716.674000ms][2106766|2106766]populate signature group list view End,0.002000ms used.
I2026-06-16 08:51:35.000600[2716.676000ms][2106766|2106766]new populate review list End,0.014000ms used.
I2026-06-16 08:51:35.000600[2716.680000ms][2106766|2106766]populate cg list
I2026-06-16 08:51:35.000601[2716.703000ms][2106766|2106766]new populate all review lists End,0.230000ms used.
I2026-06-16 08:51:35.000919[3035.265000ms][2106766|2106766]covDatabase::openDatabase Begin
I2026-06-16 08:51:35.000919[3035.382000ms][2106766|2106766]covDatabase::openDatabase End,0.127000ms used.
I2026-06-16 08:51:35.000919[3035.643000ms][2106766|2106766]cmdGuiOpenCov::execute Begin
I2026-06-16 08:51:35.000935[3050.927000ms][2106766|2106766]covDatabase::openDatabase Begin
I2026-06-16 08:51:35.000935[3051.068000ms][2106766|2106766]covDatabase::openDatabase End,0.144000ms used.
I2026-06-16 08:51:36.000100[3216.152000ms][2106766|2106766]cmdGuiOpenCov::execute End,180.498000ms used.
