I2026-06-10 06:50:31.000580[1704.036000ms][1101866|1101866]new populate all review lists Begin
I2026-06-10 06:50:31.000580[1704.087000ms][1101866|1101866]populate review list
I2026-06-10 06:50:31.000580[1704.091000ms][1101866|1101866]new populate review list Begin
I2026-06-10 06:50:31.000580[1704.098000ms][1101866|1101866]reviewObj List Size [0], The Number of Updated Items [0].
I2026-06-10 06:50:31.000580[1704.102000ms][1101866|1101866]populate signature group list view Begin
I2026-06-10 06:50:31.000580[1704.109000ms][1101866|1101866]populate signature group list view End,0.005000ms used.
I2026-06-10 06:50:31.000580[1704.114000ms][1101866|1101866]new populate review list End,0.022000ms used.
I2026-06-10 06:50:31.000580[1704.117000ms][1101866|1101866]new populate review list Begin
I2026-06-10 06:50:31.000580[1704.121000ms][1101866|1101866]reviewObj List Size [0], The Number of Updated Items [0].
I2026-06-10 06:50:31.000580[1704.142000ms][1101866|1101866]populate signature group list view Begin
I2026-06-10 06:50:31.000580[1704.145000ms][1101866|1101866]populate signature group list view End,0.004000ms used.
I2026-06-10 06:50:31.000580[1704.149000ms][1101866|1101866]new populate review list End,0.032000ms used.
I2026-06-10 06:50:31.000580[1704.154000ms][1101866|1101866]populate unmap list
I2026-06-10 06:50:31.000580[1704.156000ms][1101866|1101866]new populate review list Begin
I2026-06-10 06:50:31.000580[1704.164000ms][1101866|1101866]reviewObj List Size [0], The Number of Updated Items [0].
I2026-06-10 06:50:31.000580[1704.168000ms][1101866|1101866]populate signature group list view Begin
I2026-06-10 06:50:31.000580[1704.172000ms][1101866|1101866]populate signature group list view End,0.004000ms used.
I2026-06-10 06:50:31.000580[1704.176000ms][1101866|1101866]new populate review list End,0.020000ms used.
I2026-06-10 06:50:31.000580[1704.183000ms][1101866|1101866]populate exclusions list
I2026-06-10 06:50:31.000580[1704.189000ms][1101866|1101866]new populate review list Begin
I2026-06-10 06:50:31.000580[1704.197000ms][1101866|1101866]reviewObj List Size [0], The Number of Updated Items [0].
I2026-06-10 06:50:31.000580[1704.204000ms][1101866|1101866]populate signature group list view Begin
I2026-06-10 06:50:31.000580[1704.250000ms][1101866|1101866]populate signature group list view End,0.042000ms used.
I2026-06-10 06:50:31.000580[1704.254000ms][1101866|1101866]new populate review list End,0.064000ms used.
I2026-06-10 06:50:31.000580[1704.262000ms][1101866|1101866]populate cg unmap list
I2026-06-10 06:50:31.000580[1704.265000ms][1101866|1101866]new populate review list Begin
I2026-06-10 06:50:31.000580[1704.269000ms][1101866|1101866]reviewObj List Size [0], The Number of Updated Items [0].
I2026-06-10 06:50:31.000580[1704.271000ms][1101866|1101866]populate signature group list view Begin
I2026-06-10 06:50:31.000580[1704.275000ms][1101866|1101866]populate signature group list view End,0.003000ms used.
I2026-06-10 06:50:31.000580[1704.278000ms][1101866|1101866]new populate review list End,0.013000ms used.
I2026-06-10 06:50:31.000580[1704.280000ms][1101866|1101866]populate cg list
I2026-06-10 06:50:31.000580[1704.316000ms][1101866|1101866]new populate all review lists End,0.299000ms used.
I2026-06-10 06:50:31.000602[1725.963000ms][1101866|1101866]new populate all review lists Begin
I2026-06-10 06:50:31.000602[1725.999000ms][1101866|1101866]populate review list
I2026-06-10 06:50:31.000602[1726.004000ms][1101866|1101866]new populate review list Begin
I2026-06-10 06:50:31.000602[1726.008000ms][1101866|1101866]reviewObj List Size [0], The Number of Updated Items [0].
I2026-06-10 06:50:31.000602[1726.011000ms][1101866|1101866]populate signature group list view Begin
I2026-06-10 06:50:31.000602[1726.016000ms][1101866|1101866]populate signature group list view End,0.003000ms used.
I2026-06-10 06:50:31.000602[1726.037000ms][1101866|1101866]new populate review list End,0.030000ms used.
I2026-06-10 06:50:31.000602[1726.042000ms][1101866|1101866]new populate review list Begin
I2026-06-10 06:50:31.000602[1726.045000ms][1101866|1101866]reviewObj List Size [0], The Number of Updated Items [0].
I2026-06-10 06:50:31.000602[1726.064000ms][1101866|1101866]populate signature group list view Begin
I2026-06-10 06:50:31.000602[1726.069000ms][1101866|1101866]populate signature group list view End,0.004000ms used.
I2026-06-10 06:50:31.000602[1726.072000ms][1101866|1101866]new populate review list End,0.029000ms used.
I2026-06-10 06:50:31.000602[1726.084000ms][1101866|1101866]populate unmap list
I2026-06-10 06:50:31.000602[1726.092000ms][1101866|1101866]new populate review list Begin
I2026-06-10 06:50:31.000602[1726.094000ms][1101866|1101866]reviewObj List Size [0], The Number of Updated Items [0].
I2026-06-10 06:50:31.000602[1726.098000ms][1101866|1101866]populate signature group list view Begin
I2026-06-10 06:50:31.000602[1726.100000ms][1101866|1101866]populate signature group list view End,0.002000ms used.
I2026-06-10 06:50:31.000602[1726.104000ms][1101866|1101866]new populate review list End,0.011000ms used.
I2026-06-10 06:50:31.000602[1726.106000ms][1101866|1101866]populate exclusions list
I2026-06-10 06:50:31.000602[1726.109000ms][1101866|1101866]new populate review list Begin
I2026-06-10 06:50:31.000602[1726.112000ms][1101866|1101866]reviewObj List Size [0], The Number of Updated Items [0].
I2026-06-10 06:50:31.000602[1726.115000ms][1101866|1101866]populate signature group list view Begin
I2026-06-10 06:50:31.000602[1726.119000ms][1101866|1101866]populate signature group list view End,0.004000ms used.
I2026-06-10 06:50:31.000602[1726.122000ms][1101866|1101866]new populate review list End,0.013000ms used.
I2026-06-10 06:50:31.000602[1726.125000ms][1101866|1101866]populate cg unmap list
I2026-06-10 06:50:31.000602[1726.131000ms][1101866|1101866]new populate review list Begin
I2026-06-10 06:50:31.000602[1726.140000ms][1101866|1101866]reviewObj List Size [0], The Number of Updated Items [0].
I2026-06-10 06:50:31.000602[1726.148000ms][1101866|1101866]populate signature group list view Begin
I2026-06-10 06:50:31.000602[1726.157000ms][1101866|1101866]populate signature group list view End,0.009000ms used.
I2026-06-10 06:50:31.000602[1726.166000ms][1101866|1101866]new populate review list End,0.035000ms used.
I2026-06-10 06:50:31.000602[1726.170000ms][1101866|1101866]populate cg list
I2026-06-10 06:50:31.000602[1726.193000ms][1101866|1101866]new populate all review lists End,0.235000ms used.
I2026-06-10 06:50:32.000359[2482.480000ms][1101866|1101866]new populate all review lists Begin
I2026-06-10 06:50:32.000359[2482.524000ms][1101866|1101866]populate review list
I2026-06-10 06:50:32.000359[2482.529000ms][1101866|1101866]new populate review list Begin
I2026-06-10 06:50:32.000359[2482.535000ms][1101866|1101866]reviewObj List Size [0], The Number of Updated Items [0].
I2026-06-10 06:50:32.000359[2482.540000ms][1101866|1101866]populate signature group list view Begin
I2026-06-10 06:50:32.000359[2482.544000ms][1101866|1101866]populate signature group list view End,0.002000ms used.
I2026-06-10 06:50:32.000359[2482.548000ms][1101866|1101866]new populate review list End,0.018000ms used.
I2026-06-10 06:50:32.000359[2482.552000ms][1101866|1101866]new populate review list Begin
I2026-06-10 06:50:32.000359[2482.555000ms][1101866|1101866]reviewObj List Size [0], The Number of Updated Items [0].
I2026-06-10 06:50:32.000359[2482.558000ms][1101866|1101866]populate signature group list view Begin
I2026-06-10 06:50:32.000359[2482.570000ms][1101866|1101866]populate signature group list view End,0.012000ms used.
I2026-06-10 06:50:32.000359[2482.572000ms][1101866|1101866]new populate review list End,0.019000ms used.
I2026-06-10 06:50:32.000359[2482.580000ms][1101866|1101866]populate unmap list
I2026-06-10 06:50:32.000359[2482.583000ms][1101866|1101866]new populate review list Begin
I2026-06-10 06:50:32.000359[2482.587000ms][1101866|1101866]reviewObj List Size [0], The Number of Updated Items [0].
I2026-06-10 06:50:32.000359[2482.593000ms][1101866|1101866]populate signature group list view Begin
I2026-06-10 06:50:32.000359[2482.601000ms][1101866|1101866]populate signature group list view End,0.007000ms used.
I2026-06-10 06:52:43.000451[1680.914000ms][1115704|1115704]new populate all review lists Begin
I2026-06-10 06:52:43.000452[1680.970000ms][1115704|1115704]populate review list
I2026-06-10 06:52:43.000452[1680.983000ms][1115704|1115704]new populate review list Begin
I2026-06-10 06:52:43.000452[1680.997000ms][1115704|1115704]reviewObj List Size [0], The Number of Updated Items [0].
I2026-06-10 06:52:43.000452[1681.002000ms][1115704|1115704]populate signature group list view Begin
I2026-06-10 06:52:43.000452[1681.005000ms][1115704|1115704]populate signature group list view End,0.002000ms used.
I2026-06-10 06:52:43.000452[1681.010000ms][1115704|1115704]new populate review list End,0.026000ms used.
I2026-06-10 06:52:43.000452[1681.013000ms][1115704|1115704]new populate review list Begin
I2026-06-10 06:52:43.000452[1681.017000ms][1115704|1115704]reviewObj List Size [0], The Number of Updated Items [0].
I2026-06-10 06:52:43.000452[1681.020000ms][1115704|1115704]populate signature group list view Begin
I2026-06-10 06:52:43.000452[1681.022000ms][1115704|1115704]populate signature group list view End,0.001000ms used.
I2026-06-10 06:52:43.000452[1681.027000ms][1115704|1115704]new populate review list End,0.013000ms used.
I2026-06-10 06:52:43.000452[1681.029000ms][1115704|1115704]populate unmap list
I2026-06-10 06:52:43.000452[1681.032000ms][1115704|1115704]new populate review list Begin
I2026-06-10 06:52:43.000452[1681.046000ms][1115704|1115704]reviewObj List Size [0], The Number of Updated Items [0].
I2026-06-10 06:52:43.000452[1681.049000ms][1115704|1115704]populate signature group list view Begin
I2026-06-10 06:52:43.000452[1681.056000ms][1115704|1115704]populate signature group list view End,0.007000ms used.
I2026-06-10 06:52:43.000452[1681.060000ms][1115704|1115704]new populate review list End,0.029000ms used.
I2026-06-10 06:52:43.000452[1681.063000ms][1115704|1115704]populate exclusions list
I2026-06-10 06:52:43.000452[1681.066000ms][1115704|1115704]new populate review list Begin
I2026-06-10 06:52:43.000452[1681.071000ms][1115704|1115704]reviewObj List Size [0], The Number of Updated Items [0].
I2026-06-10 06:52:43.000452[1681.075000ms][1115704|1115704]populate signature group list view Begin
I2026-06-10 06:52:43.000452[1681.082000ms][1115704|1115704]populate signature group list view End,0.006000ms used.
I2026-06-10 06:52:43.000452[1681.086000ms][1115704|1115704]new populate review list End,0.019000ms used.
I2026-06-10 06:52:43.000452[1681.092000ms][1115704|1115704]populate cg unmap list
I2026-06-10 06:52:43.000452[1681.100000ms][1115704|1115704]new populate review list Begin
I2026-06-10 06:52:43.000452[1681.103000ms][1115704|1115704]reviewObj List Size [0], The Number of Updated Items [0].
I2026-06-10 06:52:43.000452[1681.105000ms][1115704|1115704]populate signature group list view Begin
I2026-06-10 06:52:43.000452[1681.107000ms][1115704|1115704]populate signature group list view End,0.001000ms used.
I2026-06-10 06:52:43.000452[1681.109000ms][1115704|1115704]new populate review list End,0.008000ms used.
I2026-06-10 06:52:43.000452[1681.111000ms][1115704|1115704]populate cg list
I2026-06-10 06:52:43.000452[1681.132000ms][1115704|1115704]new populate all review lists End,0.241000ms used.
I2026-06-10 06:52:43.000472[1701.581000ms][1115704|1115704]new populate all review lists Begin
I2026-06-10 06:52:43.000472[1701.617000ms][1115704|1115704]populate review list
I2026-06-10 06:52:43.000472[1701.621000ms][1115704|1115704]new populate review list Begin
I2026-06-10 06:52:43.000472[1701.632000ms][1115704|1115704]reviewObj List Size [0], The Number of Updated Items [0].
I2026-06-10 06:52:43.000472[1701.636000ms][1115704|1115704]populate signature group list view Begin
I2026-06-10 06:52:43.000472[1701.652000ms][1115704|1115704]populate signature group list view End,0.010000ms used.
I2026-06-10 06:52:43.000472[1701.656000ms][1115704|1115704]new populate review list End,0.035000ms used.
I2026-06-10 06:52:43.000472[1701.660000ms][1115704|1115704]new populate review list Begin
I2026-06-10 06:52:43.000472[1701.662000ms][1115704|1115704]reviewObj List Size [0], The Number of Updated Items [0].
I2026-06-10 06:52:43.000472[1701.666000ms][1115704|1115704]populate signature group list view Begin
I2026-06-10 06:52:43.000472[1701.668000ms][1115704|1115704]populate signature group list view End,0.001000ms used.
I2026-06-10 06:52:43.000472[1701.671000ms][1115704|1115704]new populate review list End,0.011000ms used.
I2026-06-10 06:52:43.000472[1701.673000ms][1115704|1115704]populate unmap list
I2026-06-10 06:52:43.000472[1701.679000ms][1115704|1115704]new populate review list Begin
I2026-06-10 06:52:43.000472[1701.682000ms][1115704|1115704]reviewObj List Size [0], The Number of Updated Items [0].
I2026-06-10 06:52:43.000472[1701.685000ms][1115704|1115704]populate signature group list view Begin
I2026-06-10 06:52:43.000472[1701.687000ms][1115704|1115704]populate signature group list view End,0.001000ms used.
I2026-06-10 06:52:43.000472[1701.693000ms][1115704|1115704]new populate review list End,0.013000ms used.
I2026-06-10 06:52:43.000472[1701.695000ms][1115704|1115704]populate exclusions list
I2026-06-10 06:52:43.000472[1701.707000ms][1115704|1115704]new populate review list Begin
I2026-06-10 06:52:43.000472[1701.712000ms][1115704|1115704]reviewObj List Size [0], The Number of Updated Items [0].
I2026-06-10 06:52:43.000472[1701.720000ms][1115704|1115704]populate signature group list view Begin
I2026-06-10 06:52:43.000472[1701.727000ms][1115704|1115704]populate signature group list view End,0.008000ms used.
I2026-06-10 06:52:43.000472[1701.733000ms][1115704|1115704]new populate review list End,0.030000ms used.
I2026-06-10 06:52:43.000472[1701.738000ms][1115704|1115704]populate cg unmap list
I2026-06-10 06:52:43.000472[1701.742000ms][1115704|1115704]new populate review list Begin
I2026-06-10 06:52:43.000472[1701.745000ms][1115704|1115704]reviewObj List Size [0], The Number of Updated Items [0].
I2026-06-10 06:52:43.000472[1701.748000ms][1115704|1115704]populate signature group list view Begin
I2026-06-10 06:52:43.000472[1701.754000ms][1115704|1115704]populate signature group list view End,0.006000ms used.
I2026-06-10 06:52:43.000472[1701.761000ms][1115704|1115704]new populate review list End,0.019000ms used.
I2026-06-10 06:52:43.000472[1701.764000ms][1115704|1115704]populate cg list
I2026-06-10 06:52:43.000472[1701.786000ms][1115704|1115704]new populate all review lists End,0.209000ms used.
I2026-06-10 06:52:44.000209[2438.145000ms][1115704|1115704]new populate all review lists Begin
I2026-06-10 06:52:44.000209[2438.192000ms][1115704|1115704]populate review list
I2026-06-10 06:52:44.000209[2438.198000ms][1115704|1115704]new populate review list Begin
I2026-06-10 06:52:44.000209[2438.212000ms][1115704|1115704]reviewObj List Size [0], The Number of Updated Items [0].
I2026-06-10 06:52:44.000209[2438.216000ms][1115704|1115704]populate signature group list view Begin
I2026-06-10 06:52:44.000209[2438.233000ms][1115704|1115704]populate signature group list view End,0.010000ms used.
I2026-06-10 06:52:44.000209[2438.237000ms][1115704|1115704]new populate review list End,0.039000ms used.
I2026-06-10 06:52:44.000209[2438.239000ms][1115704|1115704]new populate review list Begin
I2026-06-10 06:52:44.000209[2438.242000ms][1115704|1115704]reviewObj List Size [0], The Number of Updated Items [0].
I2026-06-10 06:52:44.000209[2438.248000ms][1115704|1115704]populate signature group list view Begin
I2026-06-10 06:52:44.000209[2438.250000ms][1115704|1115704]populate signature group list view End,0.002000ms used.
I2026-06-10 06:52:44.000209[2438.254000ms][1115704|1115704]new populate review list End,0.014000ms used.
I2026-06-10 06:52:44.000209[2438.256000ms][1115704|1115704]populate unmap list
I2026-06-10 06:52:44.000209[2438.258000ms][1115704|1115704]new populate review list Begin
I2026-06-10 06:52:44.000209[2438.261000ms][1115704|1115704]reviewObj List Size [0], The Number of Updated Items [0].
I2026-06-10 06:52:44.000209[2438.264000ms][1115704|1115704]populate signature group list view Begin
I2026-06-10 06:52:44.000209[2438.271000ms][1115704|1115704]populate signature group list view End,0.006000ms used.
I2026-06-10 06:52:44.000209[2438.276000ms][1115704|1115704]new populate review list End,0.018000ms used.
I2026-06-10 06:52:44.000209[2438.324000ms][1115704|1115704]populate exclusions list
I2026-06-10 06:52:44.000209[2438.327000ms][1115704|1115704]new populate review list Begin
I2026-06-10 06:52:44.000209[2438.330000ms][1115704|1115704]reviewObj List Size [0], The Number of Updated Items [0].
I2026-06-10 06:52:44.000209[2438.333000ms][1115704|1115704]populate signature group list view Begin
I2026-06-10 06:52:44.000209[2438.335000ms][1115704|1115704]populate signature group list view End,0.002000ms used.
I2026-06-10 06:52:44.000209[2438.338000ms][1115704|1115704]new populate review list End,0.011000ms used.
I2026-06-10 06:52:44.000209[2438.341000ms][1115704|1115704]populate cg unmap list
I2026-06-10 06:52:44.000209[2438.344000ms][1115704|1115704]new populate review list Begin
I2026-06-10 06:52:44.000209[2438.350000ms][1115704|1115704]reviewObj List Size [0], The Number of Updated Items [0].
I2026-06-10 06:52:44.000209[2438.352000ms][1115704|1115704]populate signature group list view Begin
I2026-06-10 06:52:44.000209[2438.356000ms][1115704|1115704]populate signature group list view End,0.003000ms used.
I2026-06-10 06:52:44.000209[2438.358000ms][1115704|1115704]new populate review list End,0.014000ms used.
I2026-06-10 06:52:44.000209[2438.361000ms][1115704|1115704]populate cg list
I2026-06-10 06:52:44.000209[2438.393000ms][1115704|1115704]new populate all review lists End,0.262000ms used.
I2026-06-10 06:52:44.000346[2575.727000ms][1115704|1115704]new populate all review lists Begin
I2026-06-10 06:52:44.000346[2575.778000ms][1115704|1115704]populate review list
I2026-06-10 06:52:44.000346[2575.783000ms][1115704|1115704]new populate review list Begin
I2026-06-10 06:52:44.000346[2575.796000ms][1115704|1115704]reviewObj List Size [0], The Number of Updated Items [0].
I2026-06-10 06:52:44.000346[2575.801000ms][1115704|1115704]populate signature group list view Begin
I2026-06-10 06:52:44.000346[2575.812000ms][1115704|1115704]populate signature group list view End,0.009000ms used.
I2026-06-10 06:52:44.000346[2575.816000ms][1115704|1115704]new populate review list End,0.033000ms used.
I2026-06-10 06:52:44.000346[2575.820000ms][1115704|1115704]new populate review list Begin
I2026-06-10 06:52:44.000346[2575.823000ms][1115704|1115704]reviewObj List Size [0], The Number of Updated Items [0].
I2026-06-10 06:52:44.000346[2575.829000ms][1115704|1115704]populate signature group list view Begin
I2026-06-10 06:52:44.000346[2575.835000ms][1115704|1115704]populate signature group list view End,0.008000ms used.
I2026-06-10 06:52:44.000346[2575.837000ms][1115704|1115704]new populate review list End,0.016000ms used.
I2026-06-10 06:52:44.000346[2575.839000ms][1115704|1115704]populate unmap list
I2026-06-10 06:52:44.000346[2575.849000ms][1115704|1115704]new populate review list Begin
I2026-06-10 06:52:44.000346[2575.858000ms][1115704|1115704]reviewObj List Size [0], The Number of Updated Items [0].
I2026-06-10 06:52:44.000346[2575.864000ms][1115704|1115704]populate signature group list view Begin
I2026-06-10 06:52:44.000346[2575.867000ms][1115704|1115704]populate signature group list view End,0.006000ms used.
I2026-06-10 06:52:44.000346[2575.874000ms][1115704|1115704]new populate review list End,0.025000ms used.
I2026-06-10 06:52:44.000346[2575.880000ms][1115704|1115704]populate exclusions list
I2026-06-10 06:52:44.000346[2575.884000ms][1115704|1115704]new populate review list Begin
I2026-06-10 06:52:44.000346[2575.887000ms][1115704|1115704]reviewObj List Size [0], The Number of Updated Items [0].
I2026-06-10 06:52:44.000346[2575.889000ms][1115704|1115704]populate signature group list view Begin
I2026-06-10 06:52:44.000346[2575.899000ms][1115704|1115704]populate signature group list view End,0.009000ms used.
I2026-06-10 06:52:44.000346[2575.906000ms][1115704|1115704]new populate review list End,0.021000ms used.
I2026-06-10 06:52:44.000346[2575.909000ms][1115704|1115704]populate cg unmap list
I2026-06-10 06:52:44.000346[2575.912000ms][1115704|1115704]new populate review list Begin
I2026-06-10 06:52:44.000346[2575.915000ms][1115704|1115704]reviewObj List Size [0], The Number of Updated Items [0].
I2026-06-10 06:52:44.000346[2575.921000ms][1115704|1115704]populate signature group list view Begin
I2026-06-10 06:52:44.000346[2575.927000ms][1115704|1115704]populate signature group list view End,0.006000ms used.
I2026-06-10 06:52:44.000347[2575.938000ms][1115704|1115704]new populate review list End,0.024000ms used.
I2026-06-10 06:52:44.000347[2575.943000ms][1115704|1115704]populate cg list
I2026-06-10 06:52:44.000347[2575.972000ms][1115704|1115704]new populate all review lists End,0.259000ms used.
I2026-06-10 06:52:49.000462[7691.025000ms][1115704|1115704]covDatabase::openDatabase Begin
I2026-06-10 06:52:49.000462[7691.153000ms][1115704|1115704]covDatabase::openDatabase End,0.141000ms used.
I2026-06-10 06:52:51.000568[9797.638000ms][1115704|1115704]cmdGuiOpenCov::execute Begin
I2026-06-10 06:52:51.000569[9798.015000ms][1115704|1115704]covDatabase::openDatabase Begin
I2026-06-10 06:52:51.000569[9798.192000ms][1115704|1115704]covDatabase::openDatabase End,0.177000ms used.
I2026-06-10 06:52:51.000612[9841.335000ms][1115704|1115704]cmdGuiOpenCov::execute End,43.703000ms used.
I2026-06-10 06:53:57.000081[75310.679000ms][1115704|1115704]new populate all review lists Begin
I2026-06-10 06:53:57.000081[75310.765000ms][1115704|1115704]populate review list
I2026-06-10 06:53:57.000081[75310.771000ms][1115704|1115704]new populate review list Begin
I2026-06-10 06:53:57.000081[75310.776000ms][1115704|1115704]reviewObj List Size [0], The Number of Updated Items [0].
I2026-06-10 06:53:57.000081[75310.782000ms][1115704|1115704]populate signature group list view Begin
I2026-06-10 06:53:57.000081[75310.795000ms][1115704|1115704]populate signature group list view End,0.011000ms used.
I2026-06-10 06:53:57.000081[75310.799000ms][1115704|1115704]new populate review list End,0.027000ms used.
I2026-06-10 06:53:57.000081[75310.803000ms][1115704|1115704]new populate review list Begin
I2026-06-10 06:53:57.000081[75310.807000ms][1115704|1115704]reviewObj List Size [0], The Number of Updated Items [0].
I2026-06-10 06:53:57.000081[75310.814000ms][1115704|1115704]populate signature group list view Begin
I2026-06-10 06:53:57.000081[75310.819000ms][1115704|1115704]populate signature group list view End,0.008000ms used.
I2026-06-10 06:53:57.000081[75310.821000ms][1115704|1115704]new populate review list End,0.018000ms used.
I2026-06-10 06:53:57.000081[75310.824000ms][1115704|1115704]populate unmap list
I2026-06-10 06:53:57.000081[75310.828000ms][1115704|1115704]new populate review list Begin
I2026-06-10 06:53:57.000081[75310.843000ms][1115704|1115704]reviewObj List Size [0], The Number of Updated Items [0].
I2026-06-10 06:53:57.000081[75310.847000ms][1115704|1115704]populate signature group list view Begin
I2026-06-10 06:53:57.000081[75310.849000ms][1115704|1115704]populate signature group list view End,0.002000ms used.
I2026-06-10 06:53:57.000081[75310.853000ms][1115704|1115704]new populate review list End,0.025000ms used.
I2026-06-10 06:53:57.000081[75310.856000ms][1115704|1115704]populate exclusions list
I2026-06-10 06:53:57.000081[75310.858000ms][1115704|1115704]new populate review list Begin
I2026-06-10 06:53:57.000081[75310.865000ms][1115704|1115704]reviewObj List Size [0], The Number of Updated Items [0].
I2026-06-10 06:53:57.000081[75310.869000ms][1115704|1115704]populate signature group list view Begin
I2026-06-10 06:53:57.000081[75310.872000ms][1115704|1115704]populate signature group list view End,0.003000ms used.
I2026-06-10 06:53:57.000081[75310.875000ms][1115704|1115704]new populate review list End,0.017000ms used.
I2026-06-10 06:53:57.000081[75310.884000ms][1115704|1115704]populate cg unmap list
I2026-06-10 06:53:57.000081[75310.887000ms][1115704|1115704]new populate review list Begin
I2026-06-10 06:53:57.000081[75310.892000ms][1115704|1115704]reviewObj List Size [0], The Number of Updated Items [0].
I2026-06-10 06:53:57.000081[75310.895000ms][1115704|1115704]populate signature group list view Begin
I2026-06-10 06:53:57.000081[75310.902000ms][1115704|1115704]populate signature group list view End,0.006000ms used.
I2026-06-10 07:01:54.000181[1701.097000ms][1156662|1156662]new populate all review lists Begin
I2026-06-10 07:01:54.000181[1701.149000ms][1156662|1156662]populate review list
I2026-06-10 07:01:54.000181[1701.153000ms][1156662|1156662]new populate review list Begin
I2026-06-10 07:01:54.000181[1701.159000ms][1156662|1156662]reviewObj List Size [0], The Number of Updated Items [0].
I2026-06-10 07:01:54.000181[1701.164000ms][1156662|1156662]populate signature group list view Begin
I2026-06-10 07:01:54.000181[1701.167000ms][1156662|1156662]populate signature group list view End,0.002000ms used.
I2026-06-10 07:01:54.000181[1701.172000ms][1156662|1156662]new populate review list End,0.018000ms used.
I2026-06-10 07:01:54.000181[1701.174000ms][1156662|1156662]new populate review list Begin
I2026-06-10 07:01:54.000181[1701.178000ms][1156662|1156662]reviewObj List Size [0], The Number of Updated Items [0].
I2026-06-10 07:01:54.000181[1701.190000ms][1156662|1156662]populate signature group list view Begin
I2026-06-10 07:01:54.000181[1701.194000ms][1156662|1156662]populate signature group list view End,0.004000ms used.
I2026-06-10 07:01:54.000181[1701.198000ms][1156662|1156662]new populate review list End,0.023000ms used.
I2026-06-10 07:01:54.000181[1701.206000ms][1156662|1156662]populate unmap list
I2026-06-10 07:01:54.000181[1701.214000ms][1156662|1156662]new populate review list Begin
I2026-06-10 07:01:54.000181[1701.229000ms][1156662|1156662]reviewObj List Size [0], The Number of Updated Items [0].
I2026-06-10 07:01:54.000181[1701.232000ms][1156662|1156662]populate signature group list view Begin
I2026-06-10 07:01:54.000181[1701.239000ms][1156662|1156662]populate signature group list view End,0.007000ms used.
I2026-06-10 07:01:54.000181[1701.247000ms][1156662|1156662]new populate review list End,0.032000ms used.
I2026-06-10 07:01:54.000181[1701.250000ms][1156662|1156662]populate exclusions list
I2026-06-10 07:01:54.000181[1701.254000ms][1156662|1156662]new populate review list Begin
I2026-06-10 07:01:54.000181[1701.258000ms][1156662|1156662]reviewObj List Size [0], The Number of Updated Items [0].
I2026-06-10 07:01:54.000181[1701.262000ms][1156662|1156662]populate signature group list view Begin
I2026-06-10 07:01:54.000181[1701.270000ms][1156662|1156662]populate signature group list view End,0.008000ms used.
I2026-06-10 07:01:54.000181[1701.278000ms][1156662|1156662]new populate review list End,0.024000ms used.
I2026-06-10 07:01:54.000181[1701.284000ms][1156662|1156662]populate cg unmap list
I2026-06-10 07:01:54.000181[1701.288000ms][1156662|1156662]new populate review list Begin
I2026-06-10 07:01:54.000181[1701.292000ms][1156662|1156662]reviewObj List Size [0], The Number of Updated Items [0].
I2026-06-10 07:01:54.000181[1701.295000ms][1156662|1156662]populate signature group list view Begin
I2026-06-10 07:01:54.000181[1701.297000ms][1156662|1156662]populate signature group list view End,0.001000ms used.
I2026-06-10 07:01:54.000181[1701.303000ms][1156662|1156662]new populate review list End,0.015000ms used.
I2026-06-10 07:01:54.000181[1701.306000ms][1156662|1156662]populate cg list
I2026-06-10 07:01:54.000181[1701.328000ms][1156662|1156662]new populate all review lists End,0.250000ms used.
I2026-06-10 07:01:54.000203[1722.787000ms][1156662|1156662]new populate all review lists Begin
I2026-06-10 07:01:54.000203[1722.825000ms][1156662|1156662]populate review list
I2026-06-10 07:01:54.000203[1722.830000ms][1156662|1156662]new populate review list Begin
I2026-06-10 07:01:54.000203[1722.836000ms][1156662|1156662]reviewObj List Size [0], The Number of Updated Items [0].
I2026-06-10 07:01:54.000203[1722.840000ms][1156662|1156662]populate signature group list view Begin
I2026-06-10 07:01:54.000203[1722.852000ms][1156662|1156662]populate signature group list view End,0.011000ms used.
I2026-06-10 07:01:54.000203[1722.856000ms][1156662|1156662]new populate review list End,0.026000ms used.
I2026-06-10 07:01:54.000203[1722.860000ms][1156662|1156662]new populate review list Begin
I2026-06-10 07:01:54.000203[1722.864000ms][1156662|1156662]reviewObj List Size [0], The Number of Updated Items [0].
I2026-06-10 07:01:54.000203[1722.869000ms][1156662|1156662]populate signature group list view Begin
I2026-06-10 07:01:54.000203[1722.880000ms][1156662|1156662]populate signature group list view End,0.011000ms used.
I2026-06-10 07:01:54.000203[1722.883000ms][1156662|1156662]new populate review list End,0.022000ms used.
I2026-06-10 07:01:54.000203[1722.893000ms][1156662|1156662]populate unmap list
I2026-06-10 07:01:54.000203[1722.896000ms][1156662|1156662]new populate review list Begin
I2026-06-10 07:01:54.000203[1722.907000ms][1156662|1156662]reviewObj List Size [0], The Number of Updated Items [0].
I2026-06-10 07:01:54.000203[1722.913000ms][1156662|1156662]populate signature group list view Begin
I2026-06-10 07:01:54.000203[1722.922000ms][1156662|1156662]populate signature group list view End,0.008000ms used.
I2026-06-10 07:01:54.000203[1722.930000ms][1156662|1156662]new populate review list End,0.033000ms used.
I2026-06-10 07:01:54.000203[1722.933000ms][1156662|1156662]populate exclusions list
I2026-06-10 07:01:54.000203[1722.941000ms][1156662|1156662]new populate review list Begin
I2026-06-10 07:01:54.000203[1722.944000ms][1156662|1156662]reviewObj List Size [0], The Number of Updated Items [0].
I2026-06-10 07:01:54.000203[1722.947000ms][1156662|1156662]populate signature group list view Begin
I2026-06-10 07:01:54.000203[1722.954000ms][1156662|1156662]populate signature group list view End,0.007000ms used.
I2026-06-10 07:01:54.000203[1722.960000ms][1156662|1156662]new populate review list End,0.019000ms used.
I2026-06-10 07:01:54.000203[1722.964000ms][1156662|1156662]populate cg unmap list
I2026-06-10 07:01:54.000203[1722.970000ms][1156662|1156662]new populate review list Begin
I2026-06-10 07:01:54.000203[1722.972000ms][1156662|1156662]reviewObj List Size [0], The Number of Updated Items [0].
I2026-06-10 07:01:54.000203[1722.975000ms][1156662|1156662]populate signature group list view Begin
I2026-06-10 07:01:54.000203[1722.979000ms][1156662|1156662]populate signature group list view End,0.003000ms used.
I2026-06-10 07:01:54.000203[1722.983000ms][1156662|1156662]new populate review list End,0.012000ms used.
I2026-06-10 07:01:54.000203[1722.985000ms][1156662|1156662]populate cg list
I2026-06-10 07:01:54.000203[1723.004000ms][1156662|1156662]new populate all review lists End,0.222000ms used.
I2026-06-10 07:01:54.000965[2485.173000ms][1156662|1156662]new populate all review lists Begin
I2026-06-10 07:01:54.000965[2485.218000ms][1156662|1156662]populate review list
I2026-06-10 07:01:54.000965[2485.223000ms][1156662|1156662]new populate review list Begin
I2026-06-10 07:01:54.000965[2485.236000ms][1156662|1156662]reviewObj List Size [0], The Number of Updated Items [0].
I2026-06-10 07:01:54.000965[2485.241000ms][1156662|1156662]populate signature group list view Begin
I2026-06-10 07:01:54.000965[2485.269000ms][1156662|1156662]populate signature group list view End,0.022000ms used.
I2026-06-10 07:01:54.000965[2485.274000ms][1156662|1156662]new populate review list End,0.050000ms used.
I2026-06-10 07:01:54.000965[2485.278000ms][1156662|1156662]new populate review list Begin
I2026-06-10 07:01:54.000965[2485.280000ms][1156662|1156662]reviewObj List Size [0], The Number of Updated Items [0].
I2026-06-10 07:01:54.000965[2485.284000ms][1156662|1156662]populate signature group list view Begin
I2026-06-10 07:01:54.000965[2485.291000ms][1156662|1156662]populate signature group list view End,0.007000ms used.
I2026-06-10 07:01:54.000965[2485.303000ms][1156662|1156662]new populate review list End,0.021000ms used.
I2026-06-10 07:01:54.000965[2485.308000ms][1156662|1156662]populate unmap list
I2026-06-10 07:01:54.000965[2485.313000ms][1156662|1156662]new populate review list Begin
I2026-06-10 07:01:54.000965[2485.323000ms][1156662|1156662]reviewObj List Size [0], The Number of Updated Items [0].
I2026-06-10 07:01:54.000965[2485.330000ms][1156662|1156662]populate signature group list view Begin
I2026-06-10 07:01:54.000965[2485.338000ms][1156662|1156662]populate signature group list view End,0.007000ms used.
I2026-06-10 07:01:54.000965[2485.348000ms][1156662|1156662]new populate review list End,0.035000ms used.
I2026-06-10 07:08:45.000613[1709.192000ms][1184081|1184081]new populate all review lists Begin
I2026-06-10 07:08:45.000613[1709.244000ms][1184081|1184081]populate review list
I2026-06-10 07:08:45.000613[1709.248000ms][1184081|1184081]new populate review list Begin
I2026-06-10 07:08:45.000613[1709.252000ms][1184081|1184081]reviewObj List Size [0], The Number of Updated Items [0].
I2026-06-10 07:08:45.000613[1709.273000ms][1184081|1184081]populate signature group list view Begin
I2026-06-10 07:08:45.000613[1709.277000ms][1184081|1184081]populate signature group list view End,0.003000ms used.
I2026-06-10 07:08:45.000613[1709.282000ms][1184081|1184081]new populate review list End,0.032000ms used.
I2026-06-10 07:08:45.000613[1709.283000ms][1184081|1184081]new populate review list Begin
I2026-06-10 07:08:45.000613[1709.287000ms][1184081|1184081]reviewObj List Size [0], The Number of Updated Items [0].
I2026-06-10 07:08:45.000613[1709.290000ms][1184081|1184081]populate signature group list view Begin
I2026-06-10 07:08:45.000613[1709.293000ms][1184081|1184081]populate signature group list view End,0.003000ms used.
I2026-06-10 07:08:45.000613[1709.298000ms][1184081|1184081]new populate review list End,0.014000ms used.
I2026-06-10 07:08:45.000613[1709.300000ms][1184081|1184081]populate unmap list
I2026-06-10 07:08:45.000613[1709.307000ms][1184081|1184081]new populate review list Begin
I2026-06-10 07:08:45.000613[1709.312000ms][1184081|1184081]reviewObj List Size [0], The Number of Updated Items [0].
I2026-06-10 07:08:45.000613[1709.315000ms][1184081|1184081]populate signature group list view Begin
I2026-06-10 07:08:45.000613[1709.317000ms][1184081|1184081]populate signature group list view End,0.002000ms used.
I2026-06-10 07:08:45.000613[1709.324000ms][1184081|1184081]new populate review list End,0.016000ms used.
I2026-06-10 07:08:45.000613[1709.326000ms][1184081|1184081]populate exclusions list
I2026-06-10 07:08:45.000613[1709.337000ms][1184081|1184081]new populate review list Begin
I2026-06-10 07:08:45.000613[1709.341000ms][1184081|1184081]reviewObj List Size [0], The Number of Updated Items [0].
I2026-06-10 07:08:45.000613[1709.346000ms][1184081|1184081]populate signature group list view Begin
I2026-06-10 07:08:45.000613[1709.349000ms][1184081|1184081]populate signature group list view End,0.002000ms used.
I2026-06-10 07:08:45.000613[1709.353000ms][1184081|1184081]new populate review list End,0.016000ms used.
I2026-06-10 07:08:45.000613[1709.360000ms][1184081|1184081]populate cg unmap list
I2026-06-10 07:08:45.000613[1709.363000ms][1184081|1184081]new populate review list Begin
I2026-06-10 07:08:45.000613[1709.368000ms][1184081|1184081]reviewObj List Size [0], The Number of Updated Items [0].
I2026-06-10 07:08:45.000613[1709.378000ms][1184081|1184081]populate signature group list view Begin
I2026-06-10 07:08:45.000613[1709.382000ms][1184081|1184081]populate signature group list view End,0.004000ms used.
I2026-06-10 07:08:45.000613[1709.384000ms][1184081|1184081]new populate review list End,0.021000ms used.
I2026-06-10 07:08:45.000613[1709.388000ms][1184081|1184081]populate cg list
I2026-06-10 07:08:45.000613[1709.412000ms][1184081|1184081]new populate all review lists End,0.239000ms used.
I2026-06-10 07:08:45.000635[1730.990000ms][1184081|1184081]new populate all review lists Begin
I2026-06-10 07:08:45.000635[1731.036000ms][1184081|1184081]populate review list
I2026-06-10 07:08:45.000635[1731.041000ms][1184081|1184081]new populate review list Begin
I2026-06-10 07:08:45.000635[1731.045000ms][1184081|1184081]reviewObj List Size [0], The Number of Updated Items [0].
I2026-06-10 07:08:45.000635[1731.050000ms][1184081|1184081]populate signature group list view Begin
I2026-06-10 07:08:45.000635[1731.054000ms][1184081|1184081]populate signature group list view End,0.002000ms used.
I2026-06-10 07:08:45.000635[1731.058000ms][1184081|1184081]new populate review list End,0.016000ms used.
I2026-06-10 07:08:45.000635[1731.061000ms][1184081|1184081]new populate review list Begin
I2026-06-10 07:08:45.000635[1731.071000ms][1184081|1184081]reviewObj List Size [0], The Number of Updated Items [0].
I2026-06-10 07:08:45.000635[1731.079000ms][1184081|1184081]populate signature group list view Begin
I2026-06-10 07:08:45.000635[1731.082000ms][1184081|1184081]populate signature group list view End,0.006000ms used.
I2026-06-10 07:08:45.000635[1731.085000ms][1184081|1184081]new populate review list End,0.023000ms used.
I2026-06-10 07:08:45.000635[1731.087000ms][1184081|1184081]populate unmap list
I2026-06-10 07:08:45.000635[1731.090000ms][1184081|1184081]new populate review list Begin
I2026-06-10 07:08:45.000635[1731.096000ms][1184081|1184081]reviewObj List Size [0], The Number of Updated Items [0].
I2026-06-10 07:08:45.000635[1731.099000ms][1184081|1184081]populate signature group list view Begin
I2026-06-10 07:08:45.000635[1731.102000ms][1184081|1184081]populate signature group list view End,0.003000ms used.
I2026-06-10 07:08:45.000635[1731.105000ms][1184081|1184081]new populate review list End,0.015000ms used.
I2026-06-10 07:08:45.000635[1731.107000ms][1184081|1184081]populate exclusions list
I2026-06-10 07:08:45.000635[1731.119000ms][1184081|1184081]new populate review list Begin
I2026-06-10 07:08:45.000635[1731.122000ms][1184081|1184081]reviewObj List Size [0], The Number of Updated Items [0].
I2026-06-10 07:08:45.000635[1731.125000ms][1184081|1184081]populate signature group list view Begin
I2026-06-10 07:08:45.000635[1731.128000ms][1184081|1184081]populate signature group list view End,0.003000ms used.
I2026-06-10 07:08:45.000635[1731.130000ms][1184081|1184081]new populate review list End,0.011000ms used.
I2026-06-10 07:08:45.000635[1731.137000ms][1184081|1184081]populate cg unmap list
I2026-06-10 07:08:45.000635[1731.140000ms][1184081|1184081]new populate review list Begin
I2026-06-10 07:08:45.000635[1731.147000ms][1184081|1184081]reviewObj List Size [0], The Number of Updated Items [0].
I2026-06-10 07:08:45.000635[1731.154000ms][1184081|1184081]populate signature group list view Begin
I2026-06-10 07:08:45.000635[1731.157000ms][1184081|1184081]populate signature group list view End,0.007000ms used.
I2026-06-10 07:08:45.000635[1731.159000ms][1184081|1184081]new populate review list End,0.019000ms used.
I2026-06-10 07:08:45.000635[1731.165000ms][1184081|1184081]populate cg list
I2026-06-10 07:08:45.000635[1731.188000ms][1184081|1184081]new populate all review lists End,0.207000ms used.
I2026-06-10 07:08:46.000407[2503.507000ms][1184081|1184081]new populate all review lists Begin
I2026-06-10 07:08:46.000407[2503.554000ms][1184081|1184081]populate review list
I2026-06-10 07:08:46.000407[2503.558000ms][1184081|1184081]new populate review list Begin
I2026-06-10 07:08:46.000407[2503.566000ms][1184081|1184081]reviewObj List Size [0], The Number of Updated Items [0].
I2026-06-10 07:08:46.000407[2503.571000ms][1184081|1184081]populate signature group list view Begin
I2026-06-10 07:08:46.000407[2503.575000ms][1184081|1184081]populate signature group list view End,0.003000ms used.
I2026-06-10 07:08:46.000407[2503.579000ms][1184081|1184081]new populate review list End,0.020000ms used.
I2026-06-10 07:08:46.000407[2503.581000ms][1184081|1184081]new populate review list Begin
I2026-06-10 07:08:46.000407[2503.587000ms][1184081|1184081]reviewObj List Size [0], The Number of Updated Items [0].
I2026-06-10 07:08:46.000407[2503.598000ms][1184081|1184081]populate signature group list view Begin
I2026-06-10 07:08:46.000407[2503.600000ms][1184081|1184081]populate signature group list view End,0.002000ms used.
I2026-06-10 07:08:46.000407[2503.603000ms][1184081|1184081]new populate review list End,0.021000ms used.
I2026-06-10 07:08:46.000407[2503.606000ms][1184081|1184081]populate unmap list
I2026-06-10 07:08:46.000407[2503.609000ms][1184081|1184081]new populate review list Begin
I2026-06-10 07:08:46.000407[2503.612000ms][1184081|1184081]reviewObj List Size [0], The Number of Updated Items [0].
I2026-06-10 07:08:46.000407[2503.619000ms][1184081|1184081]populate signature group list view Begin
I2026-06-10 07:08:46.000407[2503.622000ms][1184081|1184081]populate signature group list view End,0.007000ms used.
I2026-06-10 07:08:46.000407[2503.628000ms][1184081|1184081]new populate review list End,0.018000ms used.
I2026-06-10 07:08:46.000407[2503.677000ms][1184081|1184081]populate exclusions list
I2026-06-10 07:08:46.000407[2503.679000ms][1184081|1184081]new populate review list Begin
I2026-06-10 07:08:46.000407[2503.682000ms][1184081|1184081]reviewObj List Size [0], The Number of Updated Items [0].
I2026-06-10 07:08:46.000407[2503.685000ms][1184081|1184081]populate signature group list view Begin
I2026-06-10 07:08:46.000407[2503.687000ms][1184081|1184081]populate signature group list view End,0.001000ms used.
I2026-06-10 07:08:46.000407[2503.691000ms][1184081|1184081]new populate review list End,0.012000ms used.
I2026-06-10 07:08:46.000407[2503.694000ms][1184081|1184081]populate cg unmap list
I2026-06-10 07:08:46.000407[2503.703000ms][1184081|1184081]new populate review list Begin
I2026-06-10 07:08:46.000407[2503.711000ms][1184081|1184081]reviewObj List Size [0], The Number of Updated Items [0].
I2026-06-10 07:08:46.000407[2503.717000ms][1184081|1184081]populate signature group list view Begin
I2026-06-10 07:08:46.000407[2503.720000ms][1184081|1184081]populate signature group list view End,0.003000ms used.
I2026-06-10 07:08:46.000407[2503.724000ms][1184081|1184081]new populate review list End,0.021000ms used.
I2026-06-10 07:08:46.000407[2503.730000ms][1184081|1184081]populate cg list
I2026-06-10 07:08:46.000407[2503.762000ms][1184081|1184081]new populate all review lists End,0.266000ms used.
I2026-06-10 07:08:46.000551[2647.876000ms][1184081|1184081]new populate all review lists Begin
I2026-06-10 07:08:46.000552[2647.931000ms][1184081|1184081]populate review list
I2026-06-10 07:08:46.000552[2647.935000ms][1184081|1184081]new populate review list Begin
I2026-06-10 07:08:46.000552[2647.958000ms][1184081|1184081]reviewObj List Size [0], The Number of Updated Items [0].
I2026-06-10 07:08:46.000552[2647.963000ms][1184081|1184081]populate signature group list view Begin
I2026-06-10 07:08:46.000552[2647.971000ms][1184081|1184081]populate signature group list view End,0.007000ms used.
I2026-06-10 07:08:46.000552[2647.975000ms][1184081|1184081]new populate review list End,0.039000ms used.
I2026-06-10 07:08:46.000552[2647.980000ms][1184081|1184081]new populate review list Begin
I2026-06-10 07:08:46.000552[2647.983000ms][1184081|1184081]reviewObj List Size [0], The Number of Updated Items [0].
I2026-06-10 07:08:46.000552[2647.986000ms][1184081|1184081]populate signature group list view Begin
I2026-06-10 07:08:46.000552[2647.988000ms][1184081|1184081]populate signature group list view End,0.002000ms used.
I2026-06-10 07:08:46.000552[2647.992000ms][1184081|1184081]new populate review list End,0.012000ms used.
I2026-06-10 07:08:46.000552[2647.998000ms][1184081|1184081]populate unmap list
I2026-06-10 07:08:46.000552[2648.002000ms][1184081|1184081]new populate review list Begin
I2026-06-10 07:08:46.000552[2648.016000ms][1184081|1184081]reviewObj List Size [0], The Number of Updated Items [0].
I2026-06-10 07:08:46.000552[2648.019000ms][1184081|1184081]populate signature group list view Begin
I2026-06-10 07:08:46.000552[2648.023000ms][1184081|1184081]populate signature group list view End,0.003000ms used.
I2026-06-10 07:08:46.000552[2648.026000ms][1184081|1184081]new populate review list End,0.025000ms used.
I2026-06-10 07:08:46.000552[2648.032000ms][1184081|1184081]populate exclusions list
I2026-06-10 07:08:46.000552[2648.036000ms][1184081|1184081]new populate review list Begin
I2026-06-10 07:08:46.000552[2648.040000ms][1184081|1184081]reviewObj List Size [0], The Number of Updated Items [0].
I2026-06-10 07:08:46.000552[2648.046000ms][1184081|1184081]populate signature group list view Begin
I2026-06-10 07:08:46.000552[2648.048000ms][1184081|1184081]populate signature group list view End,0.002000ms used.
I2026-06-10 07:08:46.000552[2648.055000ms][1184081|1184081]new populate review list End,0.018000ms used.
I2026-06-10 07:08:46.000552[2648.063000ms][1184081|1184081]populate cg unmap list
I2026-06-10 07:08:46.000552[2648.071000ms][1184081|1184081]new populate review list Begin
I2026-06-10 07:08:46.000552[2648.079000ms][1184081|1184081]reviewObj List Size [0], The Number of Updated Items [0].
I2026-06-10 07:08:46.000552[2648.082000ms][1184081|1184081]populate signature group list view Begin
I2026-06-10 07:08:46.000552[2648.090000ms][1184081|1184081]populate signature group list view End,0.008000ms used.
I2026-06-10 07:08:46.000552[2648.098000ms][1184081|1184081]new populate review list End,0.027000ms used.
I2026-06-10 07:08:46.000552[2648.101000ms][1184081|1184081]populate cg list
I2026-06-10 07:08:46.000552[2648.133000ms][1184081|1184081]new populate all review lists End,0.267000ms used.
I2026-06-10 07:08:46.000858[2953.995000ms][1184081|1184081]covDatabase::openDatabase Begin
I2026-06-10 07:08:46.000858[2954.104000ms][1184081|1184081]covDatabase::openDatabase End,0.118000ms used.
I2026-06-10 07:08:46.000858[2954.310000ms][1184081|1184081]cmdGuiOpenCov::execute Begin
I2026-06-10 07:08:46.000873[2969.091000ms][1184081|1184081]covDatabase::openDatabase Begin
I2026-06-10 07:08:46.000873[2969.231000ms][1184081|1184081]covDatabase::openDatabase End,0.144000ms used.
I2026-06-10 07:08:46.000916[3012.212000ms][1184081|1184081]cmdGuiOpenCov::execute End,57.892000ms used.
I2026-06-10 07:09:21.000051[1718.322000ms][1186392|1186392]new populate all review lists Begin
I2026-06-10 07:09:21.000051[1718.378000ms][1186392|1186392]populate review list
I2026-06-10 07:09:21.000051[1718.384000ms][1186392|1186392]new populate review list Begin
I2026-06-10 07:09:21.000051[1718.388000ms][1186392|1186392]reviewObj List Size [0], The Number of Updated Items [0].
I2026-06-10 07:09:21.000051[1718.391000ms][1186392|1186392]populate signature group list view Begin
I2026-06-10 07:09:21.000051[1718.395000ms][1186392|1186392]populate signature group list view End,0.002000ms used.
I2026-06-10 07:09:21.000051[1718.417000ms][1186392|1186392]new populate review list End,0.032000ms used.
I2026-06-10 07:09:21.000051[1718.435000ms][1186392|1186392]new populate review list Begin
I2026-06-10 07:09:21.000051[1718.443000ms][1186392|1186392]reviewObj List Size [0], The Number of Updated Items [0].
I2026-06-10 07:09:21.000051[1718.447000ms][1186392|1186392]populate signature group list view Begin
I2026-06-10 07:09:21.000051[1718.450000ms][1186392|1186392]populate signature group list view End,0.002000ms used.
I2026-06-10 07:09:21.000051[1718.464000ms][1186392|1186392]new populate review list End,0.029000ms used.
I2026-06-10 07:09:21.000051[1718.466000ms][1186392|1186392]populate unmap list
I2026-06-10 07:09:21.000051[1718.479000ms][1186392|1186392]new populate review list Begin
I2026-06-10 07:09:21.000051[1718.493000ms][1186392|1186392]reviewObj List Size [0], The Number of Updated Items [0].
I2026-06-10 07:09:21.000051[1718.497000ms][1186392|1186392]populate signature group list view Begin
I2026-06-10 07:09:21.000051[1718.500000ms][1186392|1186392]populate signature group list view End,0.002000ms used.
I2026-06-10 07:09:21.000051[1718.503000ms][1186392|1186392]new populate review list End,0.025000ms used.
I2026-06-10 07:09:21.000051[1718.508000ms][1186392|1186392]populate exclusions list
I2026-06-10 07:09:21.000051[1718.521000ms][1186392|1186392]new populate review list Begin
I2026-06-10 07:09:21.000051[1718.530000ms][1186392|1186392]reviewObj List Size [0], The Number of Updated Items [0].
I2026-06-10 07:09:21.000051[1718.539000ms][1186392|1186392]populate signature group list view Begin
I2026-06-10 07:09:21.000051[1718.542000ms][1186392|1186392]populate signature group list view End,0.003000ms used.
I2026-06-10 07:09:21.000051[1718.546000ms][1186392|1186392]new populate review list End,0.025000ms used.
I2026-06-10 07:09:21.000051[1718.556000ms][1186392|1186392]populate cg unmap list
I2026-06-10 07:09:21.000051[1718.558000ms][1186392|1186392]new populate review list Begin
I2026-06-10 07:09:21.000051[1718.564000ms][1186392|1186392]reviewObj List Size [0], The Number of Updated Items [0].
I2026-06-10 07:09:21.000051[1718.578000ms][1186392|1186392]populate signature group list view Begin
I2026-06-10 07:09:21.000051[1718.581000ms][1186392|1186392]populate signature group list view End,0.003000ms used.
I2026-06-10 07:09:21.000051[1718.601000ms][1186392|1186392]new populate review list End,0.040000ms used.
I2026-06-10 07:09:21.000051[1718.605000ms][1186392|1186392]populate cg list
I2026-06-10 07:09:21.000051[1718.644000ms][1186392|1186392]new populate all review lists End,0.338000ms used.
I2026-06-10 07:09:21.000073[1740.275000ms][1186392|1186392]new populate all review lists Begin
I2026-06-10 07:09:21.000073[1740.316000ms][1186392|1186392]populate review list
I2026-06-10 07:09:21.000073[1740.346000ms][1186392|1186392]new populate review list Begin
I2026-06-10 07:09:21.000073[1740.352000ms][1186392|1186392]reviewObj List Size [0], The Number of Updated Items [0].
I2026-06-10 07:09:21.000073[1740.363000ms][1186392|1186392]populate signature group list view Begin
I2026-06-10 07:09:21.000073[1740.377000ms][1186392|1186392]populate signature group list view End,0.013000ms used.
I2026-06-10 07:09:21.000073[1740.392000ms][1186392|1186392]new populate review list End,0.045000ms used.
I2026-06-10 07:09:21.000073[1740.397000ms][1186392|1186392]new populate review list Begin
I2026-06-10 07:09:21.000073[1740.401000ms][1186392|1186392]reviewObj List Size [0], The Number of Updated Items [0].
I2026-06-10 07:09:21.000073[1740.408000ms][1186392|1186392]populate signature group list view Begin
I2026-06-10 07:09:21.000073[1740.420000ms][1186392|1186392]populate signature group list view End,0.011000ms used.
I2026-06-10 07:09:21.000073[1740.424000ms][1186392|1186392]new populate review list End,0.026000ms used.
I2026-06-10 07:09:21.000073[1740.434000ms][1186392|1186392]populate unmap list
I2026-06-10 07:09:21.000073[1740.439000ms][1186392|1186392]new populate review list Begin
I2026-06-10 07:09:21.000073[1740.452000ms][1186392|1186392]reviewObj List Size [0], The Number of Updated Items [0].
I2026-06-10 07:09:21.000073[1740.462000ms][1186392|1186392]populate signature group list view Begin
I2026-06-10 07:09:21.000073[1740.467000ms][1186392|1186392]populate signature group list view End,0.012000ms used.
I2026-06-10 07:09:21.000073[1740.480000ms][1186392|1186392]new populate review list End,0.041000ms used.
I2026-06-10 07:09:21.000073[1740.483000ms][1186392|1186392]populate exclusions list
I2026-06-10 07:09:21.000073[1740.493000ms][1186392|1186392]new populate review list Begin
I2026-06-10 07:09:21.000073[1740.497000ms][1186392|1186392]reviewObj List Size [0], The Number of Updated Items [0].
I2026-06-10 07:09:21.000073[1740.510000ms][1186392|1186392]populate signature group list view Begin
I2026-06-10 07:09:21.000073[1740.513000ms][1186392|1186392]populate signature group list view End,0.003000ms used.
I2026-06-10 07:09:21.000073[1740.524000ms][1186392|1186392]new populate review list End,0.030000ms used.
I2026-06-10 07:09:21.000073[1740.527000ms][1186392|1186392]populate cg unmap list
I2026-06-10 07:09:21.000073[1740.533000ms][1186392|1186392]new populate review list Begin
I2026-06-10 07:09:21.000073[1740.546000ms][1186392|1186392]reviewObj List Size [0], The Number of Updated Items [0].
I2026-06-10 07:09:21.000073[1740.552000ms][1186392|1186392]populate signature group list view Begin
I2026-06-10 07:09:21.000073[1740.563000ms][1186392|1186392]populate signature group list view End,0.012000ms used.
I2026-06-10 07:09:21.000073[1740.565000ms][1186392|1186392]new populate review list End,0.032000ms used.
I2026-06-10 07:09:21.000073[1740.575000ms][1186392|1186392]populate cg list
I2026-06-10 07:09:21.000073[1740.596000ms][1186392|1186392]new populate all review lists End,0.326000ms used.
I2026-06-10 07:09:21.000878[2545.122000ms][1186392|1186392]new populate all review lists Begin
I2026-06-10 07:09:21.000878[2545.167000ms][1186392|1186392]populate review list
I2026-06-10 07:09:21.000878[2545.173000ms][1186392|1186392]new populate review list Begin
I2026-06-10 07:09:21.000878[2545.177000ms][1186392|1186392]reviewObj List Size [0], The Number of Updated Items [0].
I2026-06-10 07:09:21.000878[2545.184000ms][1186392|1186392]populate signature group list view Begin
I2026-06-10 07:09:21.000878[2545.188000ms][1186392|1186392]populate signature group list view End,0.003000ms used.
I2026-06-10 07:09:21.000878[2545.203000ms][1186392|1186392]new populate review list End,0.029000ms used.
I2026-06-10 07:09:21.000878[2545.206000ms][1186392|1186392]new populate review list Begin
I2026-06-10 07:09:21.000878[2545.220000ms][1186392|1186392]reviewObj List Size [0], The Number of Updated Items [0].
I2026-06-10 07:09:21.000878[2545.231000ms][1186392|1186392]populate signature group list view Begin
I2026-06-10 07:09:21.000878[2545.240000ms][1186392|1186392]populate signature group list view End,0.016000ms used.
I2026-06-10 07:09:21.000878[2545.243000ms][1186392|1186392]new populate review list End,0.036000ms used.
I2026-06-10 07:09:21.000878[2545.248000ms][1186392|1186392]populate unmap list
I2026-06-10 07:09:21.000878[2545.251000ms][1186392|1186392]new populate review list Begin
I2026-06-10 07:09:21.000878[2545.264000ms][1186392|1186392]reviewObj List Size [0], The Number of Updated Items [0].
I2026-06-10 07:09:21.000878[2545.270000ms][1186392|1186392]populate signature group list view Begin
I2026-06-10 07:09:21.000878[2545.274000ms][1186392|1186392]populate signature group list view End,0.003000ms used.
I2026-06-10 07:09:21.000878[2545.284000ms][1186392|1186392]new populate review list End,0.033000ms used.
I2026-06-10 07:09:21.000878[2545.286000ms][1186392|1186392]populate exclusions list
I2026-06-10 07:09:21.000878[2545.289000ms][1186392|1186392]new populate review list Begin
I2026-06-10 07:09:21.000878[2545.347000ms][1186392|1186392]reviewObj List Size [0], The Number of Updated Items [0].
I2026-06-10 07:09:21.000878[2545.362000ms][1186392|1186392]populate signature group list view Begin
I2026-06-10 07:09:21.000878[2545.366000ms][1186392|1186392]populate signature group list view End,0.016000ms used.
I2026-06-10 07:09:21.000878[2545.368000ms][1186392|1186392]new populate review list End,0.080000ms used.
I2026-06-10 07:09:21.000878[2545.373000ms][1186392|1186392]populate cg unmap list
I2026-06-10 07:09:21.000878[2545.379000ms][1186392|1186392]new populate review list Begin
I2026-06-10 07:09:21.000878[2545.396000ms][1186392|1186392]reviewObj List Size [0], The Number of Updated Items [0].
I2026-06-10 07:09:21.000878[2545.399000ms][1186392|1186392]populate signature group list view Begin
I2026-06-10 07:09:21.000878[2545.402000ms][1186392|1186392]populate signature group list view End,0.004000ms used.
I2026-06-10 07:09:21.000878[2545.408000ms][1186392|1186392]new populate review list End,0.028000ms used.
I2026-06-10 07:09:21.000878[2545.413000ms][1186392|1186392]populate cg list
I2026-06-10 07:09:21.000878[2545.456000ms][1186392|1186392]new populate all review lists End,0.345000ms used.
I2026-06-10 07:09:22.000024[2691.268000ms][1186392|1186392]new populate all review lists Begin
I2026-06-10 07:09:22.000024[2691.321000ms][1186392|1186392]populate review list
I2026-06-10 07:09:22.000024[2691.324000ms][1186392|1186392]new populate review list Begin
I2026-06-10 07:09:22.000024[2691.329000ms][1186392|1186392]reviewObj List Size [0], The Number of Updated Items [0].
I2026-06-10 07:09:22.000024[2691.333000ms][1186392|1186392]populate signature group list view Begin
I2026-06-10 07:09:22.000024[2691.336000ms][1186392|1186392]populate signature group list view End,0.002000ms used.
I2026-06-10 07:09:22.000024[2691.339000ms][1186392|1186392]new populate review list End,0.014000ms used.
I2026-06-10 07:09:22.000024[2691.341000ms][1186392|1186392]new populate review list Begin
I2026-06-10 07:09:22.000024[2691.344000ms][1186392|1186392]reviewObj List Size [0], The Number of Updated Items [0].
I2026-06-10 07:09:22.000024[2691.345000ms][1186392|1186392]populate signature group list view Begin
I2026-06-10 07:09:22.000024[2691.348000ms][1186392|1186392]populate signature group list view End,0.001000ms used.
I2026-06-10 07:09:22.000024[2691.349000ms][1186392|1186392]new populate review list End,0.008000ms used.
I2026-06-10 07:09:22.000024[2691.352000ms][1186392|1186392]populate unmap list
I2026-06-10 07:09:22.000024[2691.354000ms][1186392|1186392]new populate review list Begin
I2026-06-10 07:09:22.000024[2691.357000ms][1186392|1186392]reviewObj List Size [0], The Number of Updated Items [0].
I2026-06-10 07:09:22.000024[2691.359000ms][1186392|1186392]populate signature group list view Begin
I2026-06-10 07:09:22.000024[2691.361000ms][1186392|1186392]populate signature group list view End,0.002000ms used.
I2026-06-10 07:09:22.000024[2691.363000ms][1186392|1186392]new populate review list End,0.009000ms used.
I2026-06-10 07:09:22.000024[2691.365000ms][1186392|1186392]populate exclusions list
I2026-06-10 07:09:22.000024[2691.367000ms][1186392|1186392]new populate review list Begin
I2026-06-10 07:09:22.000024[2691.399000ms][1186392|1186392]reviewObj List Size [0], The Number of Updated Items [0].
I2026-06-10 07:09:22.000024[2691.403000ms][1186392|1186392]populate signature group list view Begin
I2026-06-10 07:09:22.000024[2691.406000ms][1186392|1186392]populate signature group list view End,0.003000ms used.
I2026-06-10 07:09:22.000024[2691.409000ms][1186392|1186392]new populate review list End,0.041000ms used.
I2026-06-10 07:09:22.000024[2691.424000ms][1186392|1186392]populate cg unmap list
I2026-06-10 07:09:22.000024[2691.429000ms][1186392|1186392]new populate review list Begin
I2026-06-10 07:09:22.000024[2691.432000ms][1186392|1186392]reviewObj List Size [0], The Number of Updated Items [0].
I2026-06-10 07:09:22.000024[2691.435000ms][1186392|1186392]populate signature group list view Begin
I2026-06-10 07:09:22.000024[2691.440000ms][1186392|1186392]populate signature group list view End,0.005000ms used.
I2026-06-10 07:09:22.000024[2691.446000ms][1186392|1186392]new populate review list End,0.017000ms used.
I2026-06-10 07:09:22.000024[2691.449000ms][1186392|1186392]populate cg list
I2026-06-10 07:09:22.000024[2691.497000ms][1186392|1186392]new populate all review lists End,0.239000ms used.
I2026-06-10 07:09:22.000251[2917.993000ms][1186392|1186392]new populate all review lists Begin
I2026-06-10 07:09:22.000251[2918.038000ms][1186392|1186392]populate review list
I2026-06-10 07:09:22.000251[2918.044000ms][1186392|1186392]new populate review list Begin
I2026-06-10 07:09:22.000251[2918.059000ms][1186392|1186392]reviewObj List Size [0], The Number of Updated Items [0].
I2026-06-10 07:09:22.000251[2918.066000ms][1186392|1186392]populate signature group list view Begin
I2026-06-10 07:09:22.000251[2918.071000ms][1186392|1186392]populate signature group list view End,0.003000ms used.
I2026-06-10 07:09:22.000251[2918.082000ms][1186392|1186392]new populate review list End,0.037000ms used.
I2026-06-10 07:09:22.000251[2918.085000ms][1186392|1186392]new populate review list Begin
I2026-06-10 07:09:22.000251[2918.108000ms][1186392|1186392]reviewObj List Size [0], The Number of Updated Items [0].
I2026-06-10 07:09:22.000251[2918.118000ms][1186392|1186392]populate signature group list view Begin
I2026-06-10 07:09:22.000251[2918.127000ms][1186392|1186392]populate signature group list view End,0.016000ms used.
I2026-06-10 07:09:22.000251[2918.132000ms][1186392|1186392]new populate review list End,0.047000ms used.
I2026-06-10 07:09:22.000251[2918.135000ms][1186392|1186392]populate unmap list
I2026-06-10 07:09:22.000251[2918.138000ms][1186392|1186392]new populate review list Begin
I2026-06-10 07:09:22.000251[2918.153000ms][1186392|1186392]reviewObj List Size [0], The Number of Updated Items [0].
I2026-06-10 07:09:22.000251[2918.164000ms][1186392|1186392]populate signature group list view Begin
I2026-06-10 07:09:22.000251[2918.167000ms][1186392|1186392]populate signature group list view End,0.003000ms used.
I2026-06-10 07:09:22.000251[2918.182000ms][1186392|1186392]new populate review list End,0.042000ms used.
I2026-06-10 07:09:22.000251[2918.186000ms][1186392|1186392]populate exclusions list
I2026-06-10 07:09:22.000251[2918.191000ms][1186392|1186392]new populate review list Begin
I2026-06-10 07:09:22.000251[2918.195000ms][1186392|1186392]reviewObj List Size [0], The Number of Updated Items [0].
I2026-06-10 07:09:22.000251[2918.209000ms][1186392|1186392]populate signature group list view Begin
I2026-06-10 07:09:22.000251[2918.215000ms][1186392|1186392]populate signature group list view End,0.016000ms used.
I2026-06-10 07:09:22.000251[2918.217000ms][1186392|1186392]new populate review list End,0.026000ms used.
I2026-06-10 07:09:22.000251[2918.228000ms][1186392|1186392]populate cg unmap list
I2026-06-10 07:09:22.000251[2918.231000ms][1186392|1186392]new populate review list Begin
I2026-06-10 07:09:22.000251[2918.250000ms][1186392|1186392]reviewObj List Size [0], The Number of Updated Items [0].
I2026-06-10 07:09:22.000251[2918.254000ms][1186392|1186392]populate signature group list view Begin
I2026-06-10 07:09:22.000251[2918.265000ms][1186392|1186392]populate signature group list view End,0.012000ms used.
I2026-06-10 07:09:22.000251[2918.268000ms][1186392|1186392]new populate review list End,0.036000ms used.
I2026-06-10 07:09:22.000251[2918.278000ms][1186392|1186392]populate cg list
I2026-06-10 07:09:22.000251[2918.304000ms][1186392|1186392]new populate all review lists End,0.322000ms used.
I2026-06-10 07:09:22.000452[3118.792000ms][1186392|1186392]covDatabase::openDatabase Begin
I2026-06-10 07:09:22.000452[3118.924000ms][1186392|1186392]covDatabase::openDatabase End,0.141000ms used.
I2026-06-10 07:09:22.000452[3119.149000ms][1186392|1186392]cmdGuiOpenCov::execute Begin
I2026-06-10 07:09:22.000467[3133.872000ms][1186392|1186392]covDatabase::openDatabase Begin
I2026-06-10 07:09:22.000467[3134.039000ms][1186392|1186392]covDatabase::openDatabase End,0.172000ms used.
I2026-06-10 07:12:46.000758[1730.837000ms][1196479|1196479]new populate all review lists Begin
I2026-06-10 07:12:46.000758[1730.887000ms][1196479|1196479]populate review list
I2026-06-10 07:12:46.000758[1730.892000ms][1196479|1196479]new populate review list Begin
I2026-06-10 07:12:46.000758[1730.895000ms][1196479|1196479]reviewObj List Size [0], The Number of Updated Items [0].
I2026-06-10 07:12:46.000758[1730.900000ms][1196479|1196479]populate signature group list view Begin
I2026-06-10 07:12:46.000758[1730.904000ms][1196479|1196479]populate signature group list view End,0.003000ms used.
I2026-06-10 07:12:46.000758[1730.963000ms][1196479|1196479]new populate review list End,0.067000ms used.
I2026-06-10 07:12:46.000758[1730.970000ms][1196479|1196479]new populate review list Begin
I2026-06-10 07:12:46.000758[1731.003000ms][1196479|1196479]reviewObj List Size [0], The Number of Updated Items [0].
I2026-06-10 07:12:46.000758[1731.010000ms][1196479|1196479]populate signature group list view Begin
I2026-06-10 07:12:46.000758[1731.013000ms][1196479|1196479]populate signature group list view End,0.003000ms used.
I2026-06-10 07:12:46.000758[1731.023000ms][1196479|1196479]new populate review list End,0.052000ms used.
I2026-06-10 07:12:46.000758[1731.025000ms][1196479|1196479]populate unmap list
I2026-06-10 07:12:46.000758[1731.032000ms][1196479|1196479]new populate review list Begin
I2026-06-10 07:12:46.000758[1731.056000ms][1196479|1196479]reviewObj List Size [0], The Number of Updated Items [0].
I2026-06-10 07:12:46.000758[1731.061000ms][1196479|1196479]populate signature group list view Begin
I2026-06-10 07:12:46.000758[1731.067000ms][1196479|1196479]populate signature group list view End,0.005000ms used.
I2026-06-10 07:12:46.000758[1731.081000ms][1196479|1196479]new populate review list End,0.049000ms used.
I2026-06-10 07:12:46.000758[1731.086000ms][1196479|1196479]populate exclusions list
I2026-06-10 07:12:46.000758[1731.091000ms][1196479|1196479]new populate review list Begin
I2026-06-10 07:12:46.000758[1731.102000ms][1196479|1196479]reviewObj List Size [0], The Number of Updated Items [0].
I2026-06-10 07:12:46.000758[1731.108000ms][1196479|1196479]populate signature group list view Begin
I2026-06-10 07:12:46.000758[1731.110000ms][1196479|1196479]populate signature group list view End,0.002000ms used.
I2026-06-10 07:12:46.000758[1731.113000ms][1196479|1196479]new populate review list End,0.021000ms used.
I2026-06-10 07:12:46.000758[1731.118000ms][1196479|1196479]populate cg unmap list
I2026-06-10 07:12:46.000758[1731.121000ms][1196479|1196479]new populate review list Begin
I2026-06-10 07:12:46.000758[1731.134000ms][1196479|1196479]reviewObj List Size [0], The Number of Updated Items [0].
I2026-06-10 07:12:46.000758[1731.139000ms][1196479|1196479]populate signature group list view Begin
I2026-06-10 07:12:46.000758[1731.142000ms][1196479|1196479]populate signature group list view End,0.003000ms used.
I2026-06-10 07:12:46.000758[1731.159000ms][1196479|1196479]new populate review list End,0.038000ms used.
I2026-06-10 07:12:46.000758[1731.176000ms][1196479|1196479]populate cg list
I2026-06-10 07:12:46.000758[1731.220000ms][1196479|1196479]new populate all review lists End,0.402000ms used.
I2026-06-10 07:12:46.000780[1752.704000ms][1196479|1196479]new populate all review lists Begin
I2026-06-10 07:12:46.000780[1752.748000ms][1196479|1196479]populate review list
I2026-06-10 07:12:46.000780[1752.784000ms][1196479|1196479]new populate review list Begin
I2026-06-10 07:12:46.000780[1752.787000ms][1196479|1196479]reviewObj List Size [0], The Number of Updated Items [0].
I2026-06-10 07:12:46.000780[1752.799000ms][1196479|1196479]populate signature group list view Begin
I2026-06-10 07:12:46.000780[1752.812000ms][1196479|1196479]populate signature group list view End,0.011000ms used.
I2026-06-10 07:12:46.000780[1752.825000ms][1196479|1196479]new populate review list End,0.041000ms used.
I2026-06-10 07:12:46.000780[1752.832000ms][1196479|1196479]new populate review list Begin
I2026-06-10 07:12:46.000780[1752.845000ms][1196479|1196479]reviewObj List Size [0], The Number of Updated Items [0].
I2026-06-10 07:12:46.000780[1752.853000ms][1196479|1196479]populate signature group list view Begin
I2026-06-10 07:12:46.000780[1752.857000ms][1196479|1196479]populate signature group list view End,0.002000ms used.
I2026-06-10 07:12:46.000780[1752.869000ms][1196479|1196479]new populate review list End,0.036000ms used.
I2026-06-10 07:12:46.000780[1752.872000ms][1196479|1196479]populate unmap list
I2026-06-10 07:12:46.000780[1752.878000ms][1196479|1196479]new populate review list Begin
I2026-06-10 07:12:46.000780[1752.894000ms][1196479|1196479]reviewObj List Size [0], The Number of Updated Items [0].
I2026-06-10 07:12:46.000780[1752.900000ms][1196479|1196479]populate signature group list view Begin
I2026-06-10 07:12:46.000780[1752.915000ms][1196479|1196479]populate signature group list view End,0.017000ms used.
I2026-06-10 07:12:46.000780[1752.920000ms][1196479|1196479]new populate review list End,0.043000ms used.
I2026-06-10 07:12:46.000780[1752.923000ms][1196479|1196479]populate exclusions list
I2026-06-10 07:12:46.000780[1752.930000ms][1196479|1196479]new populate review list Begin
I2026-06-10 07:12:46.000780[1752.935000ms][1196479|1196479]reviewObj List Size [0], The Number of Updated Items [0].
I2026-06-10 07:12:46.000780[1752.946000ms][1196479|1196479]populate signature group list view Begin
I2026-06-10 07:12:46.000780[1752.959000ms][1196479|1196479]populate signature group list view End,0.014000ms used.
I2026-06-10 07:12:46.000780[1752.964000ms][1196479|1196479]new populate review list End,0.033000ms used.
I2026-06-10 07:12:46.000780[1752.975000ms][1196479|1196479]populate cg unmap list
I2026-06-10 07:12:46.000780[1752.979000ms][1196479|1196479]new populate review list Begin
I2026-06-10 07:12:46.000780[1752.990000ms][1196479|1196479]reviewObj List Size [0], The Number of Updated Items [0].
I2026-06-10 07:12:46.000780[1753.002000ms][1196479|1196479]populate signature group list view Begin
I2026-06-10 07:12:46.000780[1753.007000ms][1196479|1196479]populate signature group list view End,0.012000ms used.
I2026-06-10 07:12:46.000780[1753.010000ms][1196479|1196479]new populate review list End,0.032000ms used.
I2026-06-10 07:12:46.000780[1753.020000ms][1196479|1196479]populate cg list
I2026-06-10 07:12:46.000780[1753.041000ms][1196479|1196479]new populate all review lists End,0.342000ms used.
I2026-06-10 07:12:47.000537[2510.029000ms][1196479|1196479]new populate all review lists Begin
I2026-06-10 07:12:47.000537[2510.073000ms][1196479|1196479]populate review list
I2026-06-10 07:12:47.000537[2510.078000ms][1196479|1196479]new populate review list Begin
I2026-06-10 07:12:47.000537[2510.083000ms][1196479|1196479]reviewObj List Size [0], The Number of Updated Items [0].
I2026-06-10 07:12:47.000537[2510.090000ms][1196479|1196479]populate signature group list view Begin
I2026-06-10 07:12:47.000537[2510.095000ms][1196479|1196479]populate signature group list view End,0.004000ms used.
I2026-06-10 07:12:47.000537[2510.101000ms][1196479|1196479]new populate review list End,0.021000ms used.
I2026-06-10 07:12:47.000537[2510.105000ms][1196479|1196479]new populate review list Begin
I2026-06-10 07:12:47.000537[2510.122000ms][1196479|1196479]reviewObj List Size [0], The Number of Updated Items [0].
I2026-06-10 07:12:47.000537[2510.133000ms][1196479|1196479]populate signature group list view Begin
I2026-06-10 07:12:47.000537[2510.138000ms][1196479|1196479]populate signature group list view End,0.012000ms used.
I2026-06-10 07:12:47.000537[2510.140000ms][1196479|1196479]new populate review list End,0.034000ms used.
I2026-06-10 07:12:47.000537[2510.142000ms][1196479|1196479]populate unmap list
I2026-06-10 07:12:47.000537[2510.155000ms][1196479|1196479]new populate review list Begin
I2026-06-10 07:12:47.000537[2510.172000ms][1196479|1196479]reviewObj List Size [0], The Number of Updated Items [0].
I2026-06-10 07:12:47.000537[2510.174000ms][1196479|1196479]populate signature group list view Begin
I2026-06-10 07:12:47.000537[2510.192000ms][1196479|1196479]populate signature group list view End,0.017000ms used.
I2026-06-10 07:12:47.000537[2510.201000ms][1196479|1196479]new populate review list End,0.054000ms used.
I2026-06-10 07:12:47.000537[2510.264000ms][1196479|1196479]populate exclusions list
I2026-06-10 07:12:47.000537[2510.266000ms][1196479|1196479]new populate review list Begin
I2026-06-10 07:12:47.000537[2510.269000ms][1196479|1196479]reviewObj List Size [0], The Number of Updated Items [0].
I2026-06-10 07:12:47.000537[2510.273000ms][1196479|1196479]populate signature group list view Begin
I2026-06-10 07:12:47.000537[2510.278000ms][1196479|1196479]populate signature group list view End,0.005000ms used.
I2026-06-10 07:12:47.000537[2510.283000ms][1196479|1196479]new populate review list End,0.017000ms used.
I2026-06-10 07:12:47.000537[2510.288000ms][1196479|1196479]populate cg unmap list
I2026-06-10 07:12:47.000537[2510.291000ms][1196479|1196479]new populate review list Begin
I2026-06-10 07:12:47.000537[2510.294000ms][1196479|1196479]reviewObj List Size [0], The Number of Updated Items [0].
I2026-06-10 07:12:47.000537[2510.298000ms][1196479|1196479]populate signature group list view Begin
I2026-06-10 07:12:47.000537[2510.304000ms][1196479|1196479]populate signature group list view End,0.007000ms used.
I2026-06-10 07:12:47.000537[2510.321000ms][1196479|1196479]new populate review list End,0.029000ms used.
I2026-06-10 07:12:47.000537[2510.322000ms][1196479|1196479]populate cg list
I2026-06-10 07:12:47.000537[2510.354000ms][1196479|1196479]new populate all review lists End,0.335000ms used.
I2026-06-10 07:12:47.000681[2653.815000ms][1196479|1196479]new populate all review lists Begin
I2026-06-10 07:12:47.000681[2653.866000ms][1196479|1196479]populate review list
I2026-06-10 07:12:47.000681[2653.873000ms][1196479|1196479]new populate review list Begin
I2026-06-10 07:12:47.000681[2653.878000ms][1196479|1196479]reviewObj List Size [0], The Number of Updated Items [0].
I2026-06-10 07:12:47.000681[2653.883000ms][1196479|1196479]populate signature group list view Begin
I2026-06-10 07:12:47.000681[2653.889000ms][1196479|1196479]populate signature group list view End,0.006000ms used.
I2026-06-10 07:12:47.000681[2653.905000ms][1196479|1196479]new populate review list End,0.031000ms used.
I2026-06-10 07:12:47.000681[2653.908000ms][1196479|1196479]new populate review list Begin
I2026-06-10 07:12:47.000681[2653.912000ms][1196479|1196479]reviewObj List Size [0], The Number of Updated Items [0].
I2026-06-10 07:12:47.000681[2653.921000ms][1196479|1196479]populate signature group list view Begin
I2026-06-10 07:12:47.000681[2653.926000ms][1196479|1196479]populate signature group list view End,0.011000ms used.
I2026-06-10 07:12:47.000681[2653.928000ms][1196479|1196479]new populate review list End,0.020000ms used.
I2026-06-10 07:12:47.000681[2653.944000ms][1196479|1196479]populate unmap list
I2026-06-10 07:12:47.000681[2653.950000ms][1196479|1196479]new populate review list Begin
I2026-06-10 07:12:47.000681[2653.954000ms][1196479|1196479]reviewObj List Size [0], The Number of Updated Items [0].
I2026-06-10 07:12:47.000681[2653.959000ms][1196479|1196479]populate signature group list view Begin
I2026-06-10 07:12:47.000681[2653.981000ms][1196479|1196479]populate signature group list view End,0.021000ms used.
I2026-06-10 07:12:47.000681[2653.984000ms][1196479|1196479]new populate review list End,0.034000ms used.
I2026-06-10 07:12:47.000681[2653.988000ms][1196479|1196479]populate exclusions list
I2026-06-10 07:12:47.000681[2653.993000ms][1196479|1196479]new populate review list Begin
I2026-06-10 07:12:47.000681[2654.015000ms][1196479|1196479]reviewObj List Size [0], The Number of Updated Items [0].
I2026-06-10 07:12:47.000681[2654.024000ms][1196479|1196479]populate signature group list view Begin
I2026-06-10 07:12:47.000681[2654.033000ms][1196479|1196479]populate signature group list view End,0.015000ms used.
I2026-06-10 07:12:47.000681[2654.035000ms][1196479|1196479]new populate review list End,0.041000ms used.
I2026-06-10 07:12:47.000681[2654.037000ms][1196479|1196479]populate cg unmap list
I2026-06-10 07:12:47.000681[2654.042000ms][1196479|1196479]new populate review list Begin
I2026-06-10 07:12:47.000681[2654.059000ms][1196479|1196479]reviewObj List Size [0], The Number of Updated Items [0].
I2026-06-10 07:12:47.000681[2654.070000ms][1196479|1196479]populate signature group list view Begin
I2026-06-10 07:12:47.000681[2654.074000ms][1196479|1196479]populate signature group list view End,0.012000ms used.
I2026-06-10 07:12:47.000681[2654.076000ms][1196479|1196479]new populate review list End,0.034000ms used.
I2026-06-10 07:12:47.000681[2654.086000ms][1196479|1196479]populate cg list
I2026-06-10 07:12:47.000681[2654.119000ms][1196479|1196479]new populate all review lists End,0.315000ms used.
I2026-06-10 07:12:47.000903[2875.695000ms][1196479|1196479]new populate all review lists Begin
I2026-06-10 07:12:47.000903[2875.744000ms][1196479|1196479]populate review list
I2026-06-10 07:12:47.000903[2875.750000ms][1196479|1196479]new populate review list Begin
I2026-06-10 07:12:47.000903[2875.763000ms][1196479|1196479]reviewObj List Size [0], The Number of Updated Items [0].
I2026-06-10 07:12:47.000903[2875.771000ms][1196479|1196479]populate signature group list view Begin
I2026-06-10 07:12:47.000903[2875.776000ms][1196479|1196479]populate signature group list view End,0.003000ms used.
I2026-06-10 07:12:47.000903[2875.790000ms][1196479|1196479]new populate review list End,0.039000ms used.
I2026-06-10 07:12:47.000903[2875.792000ms][1196479|1196479]new populate review list Begin
I2026-06-10 07:12:47.000903[2875.803000ms][1196479|1196479]reviewObj List Size [0], The Number of Updated Items [0].
I2026-06-10 07:12:47.000903[2875.820000ms][1196479|1196479]populate signature group list view Begin
I2026-06-10 07:12:47.000903[2875.841000ms][1196479|1196479]populate signature group list view End,0.023000ms used.
I2026-06-10 07:12:47.000903[2875.845000ms][1196479|1196479]new populate review list End,0.052000ms used.
I2026-06-10 07:12:47.000903[2875.860000ms][1196479|1196479]populate unmap list
I2026-06-10 07:12:47.000903[2875.871000ms][1196479|1196479]new populate review list Begin
I2026-06-10 07:12:47.000903[2875.876000ms][1196479|1196479]reviewObj List Size [0], The Number of Updated Items [0].
I2026-06-10 07:12:47.000903[2875.882000ms][1196479|1196479]populate signature group list view Begin
I2026-06-10 07:12:47.000903[2875.898000ms][1196479|1196479]populate signature group list view End,0.013000ms used.
I2026-06-10 07:12:47.000903[2875.904000ms][1196479|1196479]new populate review list End,0.033000ms used.
I2026-06-10 07:12:47.000903[2875.907000ms][1196479|1196479]populate exclusions list
I2026-06-10 07:12:47.000903[2875.922000ms][1196479|1196479]new populate review list Begin
I2026-06-10 07:12:47.000903[2875.928000ms][1196479|1196479]reviewObj List Size [0], The Number of Updated Items [0].
I2026-06-10 07:12:47.000903[2875.939000ms][1196479|1196479]populate signature group list view Begin
I2026-06-10 07:12:47.000903[2875.943000ms][1196479|1196479]populate signature group list view End,0.003000ms used.
I2026-06-10 07:12:47.000903[2875.946000ms][1196479|1196479]new populate review list End,0.026000ms used.
I2026-06-10 07:12:47.000903[2875.951000ms][1196479|1196479]populate cg unmap list
I2026-06-10 07:12:47.000903[2875.963000ms][1196479|1196479]new populate review list Begin
I2026-06-10 07:12:47.000903[2875.969000ms][1196479|1196479]reviewObj List Size [0], The Number of Updated Items [0].
I2026-06-10 07:12:47.000903[2875.983000ms][1196479|1196479]populate signature group list view Begin
I2026-06-10 07:12:47.000903[2876.000000ms][1196479|1196479]populate signature group list view End,0.020000ms used.
I2026-06-10 07:12:47.000903[2876.003000ms][1196479|1196479]new populate review list End,0.040000ms used.
I2026-06-10 07:12:47.000903[2876.015000ms][1196479|1196479]populate cg list
I2026-06-10 07:12:47.000903[2876.042000ms][1196479|1196479]new populate all review lists End,0.356000ms used.
I2026-06-10 07:12:48.000165[3137.810000ms][1196479|1196479]covDatabase::openDatabase Begin
I2026-06-10 07:12:48.000165[3137.932000ms][1196479|1196479]covDatabase::openDatabase End,0.131000ms used.
I2026-06-10 07:12:48.000165[3138.129000ms][1196479|1196479]cmdGuiOpenCov::execute Begin
I2026-06-10 07:12:48.000180[3152.742000ms][1196479|1196479]covDatabase::openDatabase Begin
I2026-06-10 07:12:48.000180[3152.882000ms][1196479|1196479]covDatabase::openDatabase End,0.144000ms used.
I2026-06-10 07:12:48.000227[3200.393000ms][1196479|1196479]cmdGuiOpenCov::execute End,62.256000ms used.
