Command: /home/pedu24/workspace_mini/260604_adder/simv -sml=verdi +fsdb+gate=off -ucli2Proc -ucli -l /home/pedu24/workspace_mini/260604_adder/verdiLog/sim.log
Chronologic VCS simulator copyright 1991-2024
Contains Synopsys proprietary information.
Compiler version W-2024.09-SP2_Full64; Runtime version W-2024.09-SP2_Full64;  Jun  4 15:42 2026
Warning : License for product VCS-BASE-RUNTIME will expire within 19 days, on: 22-jun-2026.
If you would like to temporarily disable this message, set 
 the VCS_LIC_EXPIRE_WARNING environment variable to the number of days
before expiration that you want this message to start (the minimum is 0).

ucli% loaddl -simv /tools/synopsys/verdi/X-2025.06-1/share/PLI/VCS/LINUXAMD64/libnovas.so LoadFSDBDumpCmd;LoadFSDBDumpCmd
LoadFSDBDumpCmd success
ucli% config ckptfsdbcheck off;config endofsim noexit;config onfail {enable all};config followactivescope on;catch {setUcliVerdiConnected};set watch::resultTagsForVerdiBP {<ucli_break_bp_status_begin> <ucli_break_bp_status_end>};set ucliCore::support_restore_through_stask_in_verdi 1;cbug::config pretty_print auto;fsdbDumpfile {/home/pedu24/workspace_mini/260604_adder/inter.fsdb} ;fsdbDumpflush ; 
*Verdi* Loading libsscore_vcs202409.so
FSDB Dumper for VCS, Release Verdi_X-2025.06-1, Linux x86_64/64bit, 07/19/2025
(C) 1996 - 2025 by Synopsys, Inc.
*Verdi* FSDB WARNING: The FSDB file already exists. Overwriting the FSDB file may crash the programs that are using this file.
*Verdi* : Create FSDB file '/home/pedu24/workspace_mini/260604_adder/inter.fsdb'
*Verdi* : Flush all FSDB Files at 0 ps.

ucli% fsdbDumpvars 0 "tb_adder.dut.a"  +all +trace_process;fsdbDumpvars 0 "tb_adder.dut.b"  +all +trace_process;fsdbDumpvars 0 "tb_adder.dut.y"  +all +trace_process
*Verdi* : Dumping the signal (tb_adder.dut.a).
*Verdi* : Dumping the signal (tb_adder.dut.b).
*Verdi* : Dumping the signal (tb_adder.dut.y).

ucli% stop -line 16 -file /home/pedu24/workspace_mini/260604_adder/tb_adder.sv
1
ucli% stop -line 23 -file /home/pedu24/workspace_mini/260604_adder/tb_adder.sv
2
ucli% stop -line 34 -file /home/pedu24/workspace_mini/260604_adder/tb_adder.sv
3
ucli% stop -line 44 -file /home/pedu24/workspace_mini/260604_adder/tb_adder.sv
4
ucli% synEnv::hasFataled
0
ucli% ucliCore::getToolPID
3070701
ucli% sps_interactive
*Verdi* : Enable RPC Server(3070701)

ucli% ucliCore::getToolPID
3070701
ucli% ucliCore::getToolPID
3070701
ucli% if {[catch {ucliCore::setFocus tool}]} {}

ucli% puts $ucliCore::nativeUcliMode
0

ucli% ucliCore::getToolTopPID
3070701
ucli% pid
3070714
ucli% synUtils::sendTool -active {_icl_createSharedMemory /tmp/vcs_dve_general.pedu24.3070701 }

ucli% if { [info vars watch::vcbp_str_len_limit_of_get_value] != ""} {set watch::vcbp_str_len_limit_of_get_value 1024}
1024
ucli% info command stateVerdiChangeCB

ucli% proc stateVerdiChangeCB args { if {$ucliGUI::state eq "terminated"} {puts "\n<VERDI_Terminated>\n";catch {setVerdiSimTerminated}}}

ucli% trace variable ucliGUI::state wu stateVerdiChangeCB

ucli% if {[catch {rename synopsys::restore verdiHack::restore} ]} {puts "0"}

ucli% proc synopsys::restore {args} { verdiHack::restore $args; puts "\n<VERDI_RESTORE>\n"}

ucli% if {[catch {rename quit verdiHack::quit} ]} {puts "0"}

ucli% proc quit {args} { if {[string length $args] == 0} { verdiHack::quit; } elseif {([string equal "-h" $args] == 1)||([string equal "-he" $args] == 1)||([string equal "-hel" $args] == 1)||([string equal "-help" $args] == 1)} { puts "\n quit           # Exit the simulation.\n \[-noprompt\]        (Exit the simulation and Verdi.)\n"} elseif {([string equal "-n" $args] == 1)||([string equal "-no" $args] == 1)||([string equal "-nop" $args] == 1)||([string equal "-nopr" $args] == 1)||([string equal "-nopro" $args] == 1)||([string equal "-noprom" $args] == 1)||([string equal "-nopromp" $args] == 1)||([string equal "-noprompt" $args] == 1)} { puts "\nVERDI_EXIT_N\n" } else { verdiHack::quit $args; } }

ucli% if {[catch {rename exit verdiHack::exit} ]} {puts "0"}

ucli% proc exit {args} { if {[string length $args] == 0} { verdiHack::exit; } elseif {([string equal "-h" $args] == 1)||([string equal "-he" $args] == 1)||([string equal "-hel" $args] == 1)||([string equal "-help" $args] == 1)} { puts "\n exit           # Exit the simulation.\n \[-noprompt\]        (Exit the simulation and Verdi.)\n"} elseif {([string equal "-n" $args] == 1)||([string equal "-no" $args] == 1)||([string equal "-nop" $args] == 1)||([string equal "-nopr" $args] == 1)||([string equal "-nopro" $args] == 1)||([string equal "-noprom" $args] == 1)||([string equal "-nopromp" $args] == 1)||([string equal "-noprompt" $args] == 1)} { puts "\nVERDI_EXIT_N\n" } else { verdiHack::exit $args; } }

ucli% proc checkpoint::beforeRecreate {} { sps_interactive }

ucli% if {[catch {ucliCore::setFocus tool}]} {}

ucli% save::getUserdefinedProcs
::stateVerdiChangeCB ::LoadFSDBDumpCmd
ucli% set ucliCore::resultTagsForVerdi [list <?special_verdi_begin?> <?special_verdi_end?>]
<?special_verdi_begin?> <?special_verdi_end?>
ucli% if {[catch {ucliCore::setFocus tool}]} {}

ucli% fsdbDumpflush 
*Verdi* : Flush all FSDB Files at 0 ps.

ucli% if {[catch {ucliCore::setFocus tool}]} {}

ucli% fsdbDumpflush 
*Verdi* : Flush all FSDB Files at 0 ps.

ucli% senv
activeDomain: Verilog
activeFile: tb_adder.sv
activeFrame: 
activeLine: 1
activeScope: tb_adder
activeThread: 
endCol: 0
file: tb_adder.sv
frame: 
fsdbFilename: 
hasTB: 0
inputFilename: 
keyFilename: ucli.key
line: 1
logFilename: /home/pedu24/workspace_mini/260604_adder/verdiLog/sim.log
macroIndex: -1
macroOffset: -1
pid: 3070701
scope: tb_adder
startCol: 0
state: stopped
thread: 
time: 0
timePrecision: 1 ps
vcdFilename: 
vpdFilename:
ucli% synUtils::resolveSourceFilename tb_adder.sv
tb_adder.sv
ucli% puts $::ucliCore::cbug_active
0

ucli% if {[catch {ucliCore::setFocus tool}]} {}

ucli% checkpoint -list -all
There are no checkpoints present.
ucli% if {[catch {ucliCore::setFocus tool}]} {}

ucli% stop
1: -line 16 -file /home/pedu24/workspace_mini/260604_adder/tb_adder.sv
2: -line 23 -file /home/pedu24/workspace_mini/260604_adder/tb_adder.sv
3: -line 34 -file /home/pedu24/workspace_mini/260604_adder/tb_adder.sv
4: -line 44 -file /home/pedu24/workspace_mini/260604_adder/tb_adder.sv
ucli% if {[catch {ucliCore::setFocus tool}]} {}

ucli% run
*Verdi* WARNING: Env/runtime option has specified fsdbfile name as "/home/pedu24/workspace_mini/260604_adder/inter.fsdb". Fsdbfile name in task "wave.fsdb" is ignored.
*Verdi* : Begin traversing the scopes, layer (0).
*Verdi* : End of traversing.

Stop point #1 @ 0 ps;  
ucli% synEnv::hasFataled
0
ucli% ucliCore::getToolPID
3070701
ucli% synEnv::isFinished
0
ucli% save::getUserdefinedProcs
::stateVerdiChangeCB ::LoadFSDBDumpCmd
ucli% if {[catch {ucliCore::setFocus tool}]} {}

ucli% fsdbDumpflush 
*Verdi* : Flush all FSDB Files at 0 ps.

ucli% senv
activeDomain: Verilog
activeFile: tb_adder.sv
activeFrame: 
activeLine: 16
activeScope: tb_adder
activeThread: 
endCol: 0
file: tb_adder.sv
frame: 
fsdbFilename: 
hasTB: 0
inputFilename: 
keyFilename: ucli.key
line: 16
logFilename: /home/pedu24/workspace_mini/260604_adder/verdiLog/sim.log
macroIndex: -1
macroOffset: -1
pid: 3070701
scope: tb_adder
startCol: 0
state: stopped
thread: 
time: 0
timePrecision: 1 ps
vcdFilename: 
vpdFilename:
ucli% synUtils::resolveSourceFilename tb_adder.sv
tb_adder.sv
ucli% if {[catch {ucliCore::setFocus tool}]} {}

ucli% puts $::ucliCore::cbug_active
0

ucli% if {[catch {ucliCore::setFocus tool}]} {}

ucli% checkpoint -list -all
There are no checkpoints present.
ucli% if {[catch {ucliCore::setFocus tool}]} {}

ucli% stop
1: -line 16 -file /home/pedu24/workspace_mini/260604_adder/tb_adder.sv
2: -line 23 -file /home/pedu24/workspace_mini/260604_adder/tb_adder.sv
3: -line 34 -file /home/pedu24/workspace_mini/260604_adder/tb_adder.sv
4: -line 44 -file /home/pedu24/workspace_mini/260604_adder/tb_adder.sv
ucli% if {[catch {ucliCore::setFocus tool}]} {}

ucli% run
<slp!&*()_+>
0 + 0 = 0
<slb!&*()_+>---<sls!&*()_+>loc: -1<sls!&*()_+>src: tb_adder.sv<sls!&*()_+>line: 19<sls!&*()_+>time: 10000 ps<sls!&*()_+>length: 0<sls!&*()_+>...<sls!&*()_+><sle!&*()_+>

Stop point #2 @ 20000 ps;  
ucli% synEnv::hasFataled
0
ucli% ucliCore::getToolPID
3070701
ucli% synEnv::isFinished
0
ucli% save::getUserdefinedProcs
::stateVerdiChangeCB ::LoadFSDBDumpCmd
ucli% if {[catch {ucliCore::setFocus tool}]} {}

ucli% fsdbDumpflush 
*Verdi* : Flush all FSDB Files at 20,000 ps.

ucli% senv
activeDomain: Verilog
activeFile: tb_adder.sv
activeFrame: 
activeLine: 23
activeScope: tb_adder
activeThread: 
endCol: 0
file: tb_adder.sv
frame: 
fsdbFilename: 
hasTB: 0
inputFilename: 
keyFilename: ucli.key
line: 23
logFilename: /home/pedu24/workspace_mini/260604_adder/verdiLog/sim.log
macroIndex: -1
macroOffset: -1
pid: 3070701
scope: tb_adder
startCol: 0
state: stopped
thread: 
time: 20000
timePrecision: 1 ps
vcdFilename: 
vpdFilename:
ucli% synUtils::resolveSourceFilename tb_adder.sv
tb_adder.sv
ucli% puts $::ucliCore::cbug_active
0

ucli% if {[catch {ucliCore::setFocus tool}]} {}

ucli% checkpoint -list -all
There are no checkpoints present.
ucli% if {[catch {ucliCore::setFocus tool}]} {}

ucli% stop
1: -line 16 -file /home/pedu24/workspace_mini/260604_adder/tb_adder.sv
2: -line 23 -file /home/pedu24/workspace_mini/260604_adder/tb_adder.sv
3: -line 34 -file /home/pedu24/workspace_mini/260604_adder/tb_adder.sv
4: -line 44 -file /home/pedu24/workspace_mini/260604_adder/tb_adder.sv
ucli% if {[catch {ucliCore::setFocus tool}]} {}

ucli% run
<slp!&*()_+>
10 + 20 = 30
<slb!&*()_+>---<sls!&*()_+>loc: -1<sls!&*()_+>src: tb_adder.sv<sls!&*()_+>line: 25<sls!&*()_+>time: 30000 ps<sls!&*()_+>length: 0<sls!&*()_+>...<sls!&*()_+><sle!&*()_+>
<slp!&*()_+>
30 + 20 = 50
<slb!&*()_+>---<sls!&*()_+>loc: -1<sls!&*()_+>src: tb_adder.sv<sls!&*()_+>line: 31<sls!&*()_+>time: 50000 ps<sls!&*()_+>length: 0<sls!&*()_+>...<sls!&*()_+><sle!&*()_+>

Stop point #3 @ 60000 ps;  
ucli% synEnv::hasFataled
0
ucli% ucliCore::getToolPID
3070701
ucli% synEnv::isFinished
0
ucli% save::getUserdefinedProcs
::stateVerdiChangeCB ::LoadFSDBDumpCmd
ucli% if {[catch {ucliCore::setFocus tool}]} {}

ucli% fsdbDumpflush 
*Verdi* : Flush all FSDB Files at 60,000 ps.

ucli% senv
activeDomain: Verilog
activeFile: tb_adder.sv
activeFrame: 
activeLine: 34
activeScope: tb_adder
activeThread: 
endCol: 0
file: tb_adder.sv
frame: 
fsdbFilename: 
hasTB: 0
inputFilename: 
keyFilename: ucli.key
line: 34
logFilename: /home/pedu24/workspace_mini/260604_adder/verdiLog/sim.log
macroIndex: -1
macroOffset: -1
pid: 3070701
scope: tb_adder
startCol: 0
state: stopped
thread: 
time: 60000
timePrecision: 1 ps
vcdFilename: 
vpdFilename:
ucli% synUtils::resolveSourceFilename tb_adder.sv
tb_adder.sv
ucli% puts $::ucliCore::cbug_active
0

ucli% if {[catch {ucliCore::setFocus tool}]} {}

ucli% checkpoint -list -all
There are no checkpoints present.
ucli% if {[catch {ucliCore::setFocus tool}]} {}

ucli% stop
1: -line 16 -file /home/pedu24/workspace_mini/260604_adder/tb_adder.sv
2: -line 23 -file /home/pedu24/workspace_mini/260604_adder/tb_adder.sv
3: -line 34 -file /home/pedu24/workspace_mini/260604_adder/tb_adder.sv
4: -line 44 -file /home/pedu24/workspace_mini/260604_adder/tb_adder.sv
ucli% if {[catch {ucliCore::setFocus tool}]} {}

ucli% finish; quit
           V C S   S i m u l a t i o n   R e p o r t 
Time: 60000 ps
CPU Time:      0.110 seconds;       Data structure size:   0.0Mb
Thu Jun  4 15:43:34 2026

<VERDI_Terminated>

