version: (200506)

available memory: 64M bytes
used memory: 81920 bytes [need 80K bytes if disable swap]

used block: 3 [memory(3) file(0)]
                 [ 8K(2) 64K(1) { total 80K bytes } ]
overhead: (9514) bytes for (3) blocks [Average: (3171) bytes/block]

write  => 0(times) 0K(bytes) [0K bytes to file]
read   => 1(times) 6K(bytes) [1K bytes compressed data from file]
access => 51395(times) 404M(bytes)
          [hit ratio: 99.9981%]

time: write(0) read(0)  unit: second

swap file directory: (/home/pedu24/workspace_mini/0616_i2c/verdiLog)
used swap file number: (1)



swap file manager:
arrSize: (256)
idxCnt: (4)
closeHead: (1)
closeTail: (2)
openCnt: (2)
fid(3): fd(0) fileName(/home/pedu24/workspace_mini/0616_i2c/simv.daidir/kdb.elab++/work.lib++/uvm_custom_install_verdi_recorder.sv.tdc)
	size(16419) lastModTime(1781653979) curModTime(1781653979)
	mode(rb)	hot(0) cool(0) pos(0)
fid(2): fd(22) fileName(/home/pedu24/workspace_mini/0616_i2c/verdiLog/_swap_0001#478980509#3043210)
	size(0) lastModTime(0) curModTime(1781654321)
	mode(w+b)	hot(0) cool(1) pos(0)
fid(1): fd(1073741824) fileName(/home/pedu24/workspace_mini/0616_i2c/simv.daidir/kdb.elab++/work.lib++/tb_top.sv.tdc)
	size(2428) lastModTime(1781653979) curModTime(1781653979)
	mode(rb)	hot(2) cool(0) pos(0)
fid(0): fd(0) fileName(NULL)
	mode(NULL)	hot(0) cool(0) pos(0)
==================================================
mySelf(0x20091af0) pre(0x21454170) next((nil))
version(200506)
date(Mar  1 2025 20:26:47)
