version: (200506)

available memory: 64M bytes
used memory: 172032 bytes [need 168K bytes if disable swap]

used block: 7 [memory(7) file(0)]
                 [ 8K(5) 64K(2) { total 168K bytes } ]
overhead: (9514) bytes for (7) blocks [Average: (1359) bytes/block]

write  => 0(times) 0K(bytes) [0K bytes to file]
read   => 2(times) 25K(bytes) [5K bytes compressed data from file]
access => 287899(times) 2263M(bytes)
          [hit ratio: 99.9993%]

time: write(0) read(0)  unit: second

swap file directory: (/home/pedu24/workspace_mini/260604_ram/verdiLog)
used swap file number: (3)



swap file manager:
arrSize: (256)
idxCnt: (4)
closeHead: (1)
closeTail: (3)
openCnt: (3)
fid(3): fd(1073741825) fileName(/home/pedu24/workspace_mini/260604_ram/simv.daidir/kdb.elab++/work.lib++/ram.sv.tdc)
	size(1082) lastModTime(1780555950) curModTime(1780556382)
	mode(rb)	hot(0) cool(2) pos(0)
fid(2): fd(22) fileName(/home/pedu24/workspace_mini/260604_ram/verdiLog/_swap_0001#478980509#3297344)
	size(0) lastModTime(0) curModTime(1780555963)
	mode(w+b)	hot(3) cool(1) pos(0)
fid(1): fd(1073741824) fileName(/home/pedu24/workspace_mini/260604_ram/simv.daidir/kdb.elab++/work.lib++/tb_ram.sv.tdc)
	size(8308) lastModTime(1780555950) curModTime(1780556382)
	mode(rb)	hot(2) cool(0) pos(0)
fid(0): fd(0) fileName(NULL)
	mode(NULL)	hot(0) cool(0) pos(0)
==================================================
mySelf(0x1f8f3c30) pre(0x21f96640) next((nil))
version(200506)
date(Mar  1 2025 20:26:47)
