version: (200506)

available memory: 64M bytes
used memory: 73728 bytes [need 72K bytes if disable swap]

used block: 2 [memory(2) file(0)]
                 [ 8K(1) 64K(1) { total 72K bytes } ]
overhead: (9514) bytes for (2) blocks [Average: (4757) bytes/block]

write  => 0(times) 0K(bytes) [0K bytes to file]
read   => 1(times) 5K(bytes) [1K bytes compressed data from file]
access => 63117(times) 496M(bytes)
          [hit ratio: 99.9984%]

time: write(0) read(0)  unit: second

swap file directory: (/home/pedu24/workspace_mini/0616_spi/verdiLog)
used swap file number: (1)



swap file manager:
arrSize: (256)
idxCnt: (4)
closeHead: (1)
closeTail: (2)
openCnt: (1)
fid(3): fd(0) fileName(NULL)
	mode(rb)	hot(1) cool(0) pos(0)
fid(2): fd(22) fileName(/home/pedu24/workspace_mini/0616_spi/verdiLog/_swap_0001#478980509#1385635)
	size(0) lastModTime(0) curModTime(1781583505)
	mode(w+b)	hot(0) cool(1) pos(0)
fid(1): fd(0) fileName(NULL)
	mode(rb)	hot(2) cool(3) pos(0)
fid(0): fd(0) fileName(NULL)
	mode(NULL)	hot(0) cool(0) pos(0)
==================================================
mySelf(0x2194d860) pre(0x20b40970) next((nil))
version(200506)
date(Mar  1 2025 20:26:47)
version: (200506)

available memory: 64M bytes
used memory: 73728 bytes [need 72K bytes if disable swap]

used block: 2 [memory(2) file(0)]
                 [ 8K(1) 64K(1) { total 72K bytes } ]
overhead: (9514) bytes for (2) blocks [Average: (4757) bytes/block]

write  => 0(times) 0K(bytes) [0K bytes to file]
read   => 1(times) 5K(bytes) [1K bytes compressed data from file]
access => 63117(times) 496M(bytes)
          [hit ratio: 99.9984%]

time: write(0) read(0)  unit: second

swap file directory: (/home/pedu24/workspace_mini/0616_spi/verdiLog)
used swap file number: (1)



swap file manager:
arrSize: (256)
idxCnt: (4)
closeHead: (1)
closeTail: (2)
openCnt: (1)
fid(3): fd(0) fileName(NULL)
	mode(rb)	hot(1) cool(0) pos(0)
fid(2): fd(22) fileName(/home/pedu24/workspace_mini/0616_spi/verdiLog/_swap_0001#478980509#1385635)
	size(0) lastModTime(0) curModTime(1781583505)
	mode(w+b)	hot(0) cool(1) pos(0)
fid(1): fd(0) fileName(NULL)
	mode(rb)	hot(2) cool(3) pos(0)
fid(0): fd(0) fileName(NULL)
	mode(NULL)	hot(0) cool(0) pos(0)
==================================================
mySelf(0x2194d860) pre(0x20b40970) next((nil))
version(200506)
date(Mar  1 2025 20:26:47)
